<?xml version="1.0" encoding="UTF-8"?>
<robot generator="Robot 7.1 (Python 3.11.4 on win32)" generated="2024-10-16T21:45:52.561579" rpa="false" schemaversion="5">
<suite id="s1" name="Test" source="c:\Users\MSII\Desktop\Study\source-demo-robot\test">
<suite id="s1-s1" name="Checkout Testing" source="c:\Users\MSII\Desktop\Study\source-demo-robot\test\checkout_testing.robot">
<test id="s1-s1-t1" name="Checkout View Should Have item" line="19">
<kw name="Login User" owner="login">
<kw name="Open Browser" owner="SeleniumLibrary">
<msg time="2024-10-16T21:45:52.787700" level="INFO">Opening browser 'ff' to base url 'https://www.saucedemo.com'.</msg>
<arg>${URL}</arg>
<arg>browser=ff</arg>
<doc>Opens a new browser instance to the optional ``url``.</doc>
<status status="PASS" start="2024-10-16T21:45:52.787700" elapsed="7.379639"/>
</kw>
<kw name="Input Text" owner="SeleniumLibrary">
<msg time="2024-10-16T21:46:00.167339" level="INFO">Typing text 'standard_user' into text field 'id:user-name'.</msg>
<arg>id:user-name</arg>
<arg>${username}</arg>
<doc>Types the given ``text`` into the text field identified by ``locator``.</doc>
<status status="PASS" start="2024-10-16T21:46:00.167339" elapsed="0.119657"/>
</kw>
<kw name="Input Password" owner="SeleniumLibrary">
<msg time="2024-10-16T21:46:00.288359" level="INFO">Typing password into text field 'id:password'.</msg>
<msg time="2024-10-16T21:46:00.295419" level="INFO">Temporally setting log level to: NONE</msg>
<arg>id:password</arg>
<arg>${password}</arg>
<doc>Types the given password into the text field identified by ``locator``.</doc>
<status status="PASS" start="2024-10-16T21:46:00.288359" elapsed="0.035487"/>
</kw>
<kw name="Click Button" owner="SeleniumLibrary">
<msg time="2024-10-16T21:46:00.324351" level="INFO">Clicking button 'id:login-button'.</msg>
<arg>id:login-button</arg>
<doc>Clicks the button identified by ``locator``.</doc>
<status status="PASS" start="2024-10-16T21:46:00.324351" elapsed="0.260531"/>
</kw>
<arg>${username}</arg>
<doc>Login with user</doc>
<status status="PASS" start="2024-10-16T21:45:52.787182" elapsed="7.798727"/>
</kw>
<kw name="Add To Cart" owner="inventory">
<kw name="Click Button" owner="SeleniumLibrary">
<msg time="2024-10-16T21:46:00.586903" level="INFO">Clicking button 'xpath=//div[.//div[@data-test='inventory-item-name' and text()='Sauce Labs Backpack']]//button[text()='Add to cart']'.</msg>
<arg>xpath=//div[.//div[@data-test='inventory-item-name' and text()='${product_name}']]//button[text()='Add to cart']</arg>
<doc>Clicks the button identified by ``locator``.</doc>
<status status="PASS" start="2024-10-16T21:46:00.586903" elapsed="0.251165"/>
</kw>
<arg>Sauce Labs Backpack</arg>
<status status="PASS" start="2024-10-16T21:46:00.585909" elapsed="0.252159"/>
</kw>
<kw name="Enter Shoping Cart" owner="shopping">
<kw name="Click Element" owner="SeleniumLibrary">
<msg time="2024-10-16T21:46:00.839230" level="INFO">Clicking element 'xpath=//a[@data-test='shopping-cart-link']'.</msg>
<arg>xpath=//a[@data-test='shopping-cart-link']</arg>
<doc>Click the element identified by ``locator``.</doc>
<status status="PASS" start="2024-10-16T21:46:00.839230" elapsed="0.228517"/>
</kw>
<status status="PASS" start="2024-10-16T21:46:00.839230" elapsed="0.228517"/>
</kw>
<kw name="Shopping Cart Should Have" owner="shopping">
<kw name="Element Should Be Visible" owner="SeleniumLibrary">
<msg time="2024-10-16T21:46:01.082087" level="INFO">Element 'xpath=//div[@data-test='inventory-item-name' and text()='Sauce Labs Backpack']' is displayed.</msg>
<arg>xpath=//div[@data-test='inventory-item-name' and text()='${product_name}']</arg>
<doc>Verifies that the element identified by ``locator`` is visible.</doc>
<status status="PASS" start="2024-10-16T21:46:01.069212" elapsed="0.012875"/>
</kw>
<kw name="Set Variable" owner="BuiltIn">
<msg time="2024-10-16T21:46:01.083082" level="INFO">${product_item} = //div[@class='inventory_item_name' and text()='Sauce Labs Backpack']/ancestor::div[@class='cart_item']</msg>
<var>${product_item}</var>
<arg>//div[@class='inventory_item_name' and text()='${product_name}']/ancestor::div[@class='cart_item']</arg>
<doc>Returns the given values which can then be assigned to a variables.</doc>
<status status="PASS" start="2024-10-16T21:46:01.082087" elapsed="0.000995"/>
</kw>
<if>
<branch type="IF" condition="$product_desc != &quot;null&quot;">
<kw name="Element Should Contain" owner="SeleniumLibrary">
<arg>xpath=${product_item}//div[@class='inventory_item_desc']</arg>
<arg>${product_desc}</arg>
<doc>Verifies that element ``locator`` contains text ``expected``.</doc>
<status status="NOT RUN" start="2024-10-16T21:46:01.085625" elapsed="0.000000"/>
</kw>
<status status="NOT RUN" start="2024-10-16T21:46:01.083082" elapsed="0.002543"/>
</branch>
<status status="PASS" start="2024-10-16T21:46:01.083082" elapsed="0.002543"/>
</if>
<if>
<branch type="IF" condition="$product_price != &quot;null&quot;">
<kw name="Element Should Contain" owner="SeleniumLibrary">
<arg>xpath=${product_item}//div[@data-test='inventory-item-price']</arg>
<arg>${product_price}</arg>
<doc>Verifies that element ``locator`` contains text ``expected``.</doc>
<status status="NOT RUN" start="2024-10-16T21:46:01.086643" elapsed="0.000000"/>
</kw>
<status status="NOT RUN" start="2024-10-16T21:46:01.085625" elapsed="0.001018"/>
</branch>
<status status="PASS" start="2024-10-16T21:46:01.085625" elapsed="0.001018"/>
</if>
<arg>Sauce Labs Backpack</arg>
<status status="PASS" start="2024-10-16T21:46:01.067747" elapsed="0.018896"/>
</kw>
<kw name="Shopping Cart Count Should Be" owner="inventory">
<if>
<branch type="IF" condition="$count == &quot;0&quot;">
<kw name="Element Should Not Be Visible" owner="SeleniumLibrary">
<arg>class:shopping_cart_badge</arg>
<doc>Verifies that the element identified by ``locator`` is NOT visible.</doc>
<status status="NOT RUN" start="2024-10-16T21:46:01.087699" elapsed="0.000000"/>
</kw>
<status status="NOT RUN" start="2024-10-16T21:46:01.087699" elapsed="0.000000"/>
</branch>
<branch type="ELSE">
<kw name="Wait Until Element Is Visible" owner="SeleniumLibrary">
<arg>class:shopping_cart_badge</arg>
<arg>5s</arg>
<doc>Waits until the element ``locator`` is visible.</doc>
<status status="PASS" start="2024-10-16T21:46:01.087699" elapsed="0.015935"/>
</kw>
<kw name="Element Text Should Be" owner="SeleniumLibrary">
<msg time="2024-10-16T21:46:01.103634" level="INFO">Verifying element 'class:shopping_cart_badge' contains exact text '1'.</msg>
<arg>class:shopping_cart_badge</arg>
<arg>${count}</arg>
<doc>Verifies that element ``locator`` contains exact the text ``expected``.</doc>
<status status="PASS" start="2024-10-16T21:46:01.103634" elapsed="0.009245"/>
</kw>
<status status="PASS" start="2024-10-16T21:46:01.087699" elapsed="0.025180"/>
</branch>
<status status="PASS" start="2024-10-16T21:46:01.087699" elapsed="0.025180"/>
</if>
<arg>1</arg>
<status status="PASS" start="2024-10-16T21:46:01.086643" elapsed="0.028016"/>
</kw>
<kw name="Go To Checkout" owner="checkout">
<kw name="Click Button" owner="SeleniumLibrary">
<msg time="2024-10-16T21:46:01.115854" level="INFO">Clicking button 'id=checkout'.</msg>
<arg>id=checkout</arg>
<doc>Clicks the button identified by ``locator``.</doc>
<status status="PASS" start="2024-10-16T21:46:01.114659" elapsed="0.285201"/>
</kw>
<doc>use in shopping cart page
Go to checkout page</doc>
<status status="PASS" start="2024-10-16T21:46:01.114659" elapsed="0.285201"/>
</kw>
<kw name="Enter Checkout Information" owner="checkout">
<kw name="Input Text" owner="SeleniumLibrary">
<msg time="2024-10-16T21:46:01.401404" level="INFO">Typing text 'Somchai' into text field 'id=first-name'.</msg>
<arg>id=first-name</arg>
<arg>${first_name}</arg>
<doc>Types the given ``text`` into the text field identified by ``locator``.</doc>
<status status="PASS" start="2024-10-16T21:46:01.400864" elapsed="0.051858"/>
</kw>
<kw name="Input Text" owner="SeleniumLibrary">
<msg time="2024-10-16T21:46:01.453725" level="INFO">Typing text 'Jaidee' into text field 'id=last-name'.</msg>
<arg>id=last-name</arg>
<arg>${last_name}</arg>
<doc>Types the given ``text`` into the text field identified by ``locator``.</doc>
<status status="PASS" start="2024-10-16T21:46:01.452722" elapsed="0.056552"/>
</kw>
<kw name="Input Text" owner="SeleniumLibrary">
<msg time="2024-10-16T21:46:01.510288" level="INFO">Typing text '99999' into text field 'id=postal-code'.</msg>
<arg>id=postal-code</arg>
<arg>${postal_code}</arg>
<doc>Types the given ``text`` into the text field identified by ``locator``.</doc>
<status status="PASS" start="2024-10-16T21:46:01.509274" elapsed="0.023620"/>
</kw>
<kw name="Click Button" owner="SeleniumLibrary">
<msg time="2024-10-16T21:46:01.532894" level="INFO">Clicking button 'id:continue'.</msg>
<arg>id:continue</arg>
<doc>Clicks the button identified by ``locator``.</doc>
<status status="PASS" start="2024-10-16T21:46:01.532894" elapsed="0.222702"/>
</kw>
<arg>Somchai</arg>
<arg>Jaidee</arg>
<arg>99999</arg>
<doc>use in checkout-step-one
enter form by using 3 argument
`first_name` , `last_name` , `postal_code`</doc>
<status status="PASS" start="2024-10-16T21:46:01.399860" elapsed="0.355736"/>
</kw>
<kw name="Checkout Overview Should Have" owner="checkout">
<kw name="Element Should Be Visible" owner="SeleniumLibrary">
<msg time="2024-10-16T21:46:01.766458" level="INFO">Element 'xpath=//div[@data-test='inventory-item-name' and text()='Sauce Labs Backpack']' is displayed.</msg>
<arg>xpath=//div[@data-test='inventory-item-name' and text()='${product_name}']</arg>
<doc>Verifies that the element identified by ``locator`` is visible.</doc>
<status status="PASS" start="2024-10-16T21:46:01.756604" elapsed="0.009854"/>
</kw>
<kw name="Set Variable" owner="BuiltIn">
<msg time="2024-10-16T21:46:01.766458" level="INFO">${product_item} = //div[@class='inventory_item_name' and text()='Sauce Labs Backpack']/ancestor::div[@class='cart_item']</msg>
<var>${product_item}</var>
<arg>//div[@class='inventory_item_name' and text()='${product_name}']/ancestor::div[@class='cart_item']</arg>
<doc>Returns the given values which can then be assigned to a variables.</doc>
<status status="PASS" start="2024-10-16T21:46:01.766458" elapsed="0.000000"/>
</kw>
<if>
<branch type="IF" condition="$product_desc != &quot;null&quot;">
<kw name="Element Should Contain" owner="SeleniumLibrary">
<msg time="2024-10-16T21:46:01.777566" level="INFO">Element 'xpath=//div[@class='inventory_item_name' and text()='Sauce Labs Backpack']/ancestor::div[@class='cart_item']//div[@class='inventory_item_desc']' contains text 'carry.allTheThings() with the sleek, streamlined Sly Pack that melds uncompromising style with unequaled laptop and tablet protection.'.</msg>
<arg>xpath=${product_item}//div[@class='inventory_item_desc']</arg>
<arg>${product_desc}</arg>
<doc>Verifies that element ``locator`` contains text ``expected``.</doc>
<status status="PASS" start="2024-10-16T21:46:01.766458" elapsed="0.011640"/>
</kw>
<status status="PASS" start="2024-10-16T21:46:01.766458" elapsed="0.011640"/>
</branch>
<status status="PASS" start="2024-10-16T21:46:01.766458" elapsed="0.011640"/>
</if>
<if>
<branch type="IF" condition="$product_price != &quot;null&quot;">
<kw name="Element Should Contain" owner="SeleniumLibrary">
<msg time="2024-10-16T21:46:01.789012" level="INFO">Element 'xpath=//div[@class='inventory_item_name' and text()='Sauce Labs Backpack']/ancestor::div[@class='cart_item']//div[@data-test='inventory-item-price']' contains text '29.99'.</msg>
<arg>xpath=${product_item}//div[@data-test='inventory-item-price']</arg>
<arg>${product_price}</arg>
<doc>Verifies that element ``locator`` contains text ``expected``.</doc>
<status status="PASS" start="2024-10-16T21:46:01.778098" elapsed="0.010914"/>
</kw>
<status status="PASS" start="2024-10-16T21:46:01.778098" elapsed="0.010914"/>
</branch>
<status status="PASS" start="2024-10-16T21:46:01.778098" elapsed="0.010914"/>
</if>
<arg>Sauce Labs Backpack</arg>
<arg>carry.allTheThings() with the sleek, streamlined Sly Pack that melds uncompromising style with unequaled laptop and tablet protection.</arg>
<arg>29.99</arg>
<status status="PASS" start="2024-10-16T21:46:01.755596" elapsed="0.033416"/>
</kw>
<kw name="Finish Checkout" owner="checkout">
<kw name="Click Button" owner="SeleniumLibrary">
<msg time="2024-10-16T21:46:01.790100" level="INFO">Clicking button 'id=finish'.</msg>
<arg>id=finish</arg>
<doc>Clicks the button identified by ``locator``.</doc>
<status status="PASS" start="2024-10-16T21:46:01.790100" elapsed="0.227748"/>
</kw>
<kw name="Page Should Contain" owner="SeleniumLibrary">
<msg time="2024-10-16T21:46:02.025630" level="INFO">Current page contains text 'Thank you for your order!'.</msg>
<arg>Thank you for your order!</arg>
<doc>Verifies that current page contains ``text``.</doc>
<status status="PASS" start="2024-10-16T21:46:02.017848" elapsed="0.007782"/>
</kw>
<kw name="Page Should Contain" owner="SeleniumLibrary">
<msg time="2024-10-16T21:46:02.032130" level="INFO">Current page contains text 'Your order has been dispatched, and will arrive just as fast as the pony can get there!'.</msg>
<arg>Your order has been dispatched, and will arrive just as fast as the pony can get there!</arg>
<doc>Verifies that current page contains ``text``.</doc>
<status status="PASS" start="2024-10-16T21:46:02.025630" elapsed="0.006500"/>
</kw>
<status status="PASS" start="2024-10-16T21:46:01.789012" elapsed="0.243118"/>
</kw>
<kw name="Close All Browsers" owner="SeleniumLibrary" type="TEARDOWN">
<doc>Closes all open browsers and resets the browser cache.</doc>
<status status="PASS" start="2024-10-16T21:46:02.033130" elapsed="6.896158"/>
</kw>
<status status="PASS" start="2024-10-16T21:45:52.785820" elapsed="16.143468"/>
</test>
<test id="s1-s1-t2" name="Every Product Can Order" line="32">
<for flavor="IN">
<iter>
<kw name="Login User" owner="login">
<kw name="Open Browser" owner="SeleniumLibrary">
<msg time="2024-10-16T21:46:08.932058" level="INFO">Opening browser 'ff' to base url 'https://www.saucedemo.com'.</msg>
<arg>${URL}</arg>
<arg>browser=ff</arg>
<doc>Opens a new browser instance to the optional ``url``.</doc>
<status status="PASS" start="2024-10-16T21:46:08.932058" elapsed="6.651410"/>
</kw>
<kw name="Input Text" owner="SeleniumLibrary">
<msg time="2024-10-16T21:46:15.583468" level="INFO">Typing text 'standard_user' into text field 'id:user-name'.</msg>
<arg>id:user-name</arg>
<arg>${username}</arg>
<doc>Types the given ``text`` into the text field identified by ``locator``.</doc>
<status status="PASS" start="2024-10-16T21:46:15.583468" elapsed="0.126930"/>
</kw>
<kw name="Input Password" owner="SeleniumLibrary">
<msg time="2024-10-16T21:46:15.710398" level="INFO">Typing password into text field 'id:password'.</msg>
<msg time="2024-10-16T21:46:15.722489" level="INFO">Temporally setting log level to: NONE</msg>
<arg>id:password</arg>
<arg>${password}</arg>
<doc>Types the given password into the text field identified by ``locator``.</doc>
<status status="PASS" start="2024-10-16T21:46:15.710398" elapsed="0.042895"/>
</kw>
<kw name="Click Button" owner="SeleniumLibrary">
<msg time="2024-10-16T21:46:15.753293" level="INFO">Clicking button 'id:login-button'.</msg>
<arg>id:login-button</arg>
<doc>Clicks the button identified by ``locator``.</doc>
<status status="PASS" start="2024-10-16T21:46:15.753293" elapsed="0.262463"/>
</kw>
<arg>${username}</arg>
<doc>Login with user</doc>
<status status="PASS" start="2024-10-16T21:46:08.932058" elapsed="7.083698"/>
</kw>
<kw name="Add To Cart" owner="inventory">
<kw name="Click Button" owner="SeleniumLibrary">
<msg time="2024-10-16T21:46:16.016785" level="INFO">Clicking button 'xpath=//div[.//div[@data-test='inventory-item-name' and text()='Sauce Labs Backpack']]//button[text()='Add to cart']'.</msg>
<arg>xpath=//div[.//div[@data-test='inventory-item-name' and text()='${product_name}']]//button[text()='Add to cart']</arg>
<doc>Clicks the button identified by ``locator``.</doc>
<status status="PASS" start="2024-10-16T21:46:16.016785" elapsed="0.263804"/>
</kw>
<arg>${product}</arg>
<status status="PASS" start="2024-10-16T21:46:16.015756" elapsed="0.264833"/>
</kw>
<kw name="Enter Shoping Cart" owner="shopping">
<kw name="Click Element" owner="SeleniumLibrary">
<msg time="2024-10-16T21:46:16.282228" level="INFO">Clicking element 'xpath=//a[@data-test='shopping-cart-link']'.</msg>
<arg>xpath=//a[@data-test='shopping-cart-link']</arg>
<doc>Click the element identified by ``locator``.</doc>
<status status="PASS" start="2024-10-16T21:46:16.281704" elapsed="0.236408"/>
</kw>
<status status="PASS" start="2024-10-16T21:46:16.281704" elapsed="0.236408"/>
</kw>
<kw name="Shopping Cart Should Have" owner="shopping">
<kw name="Element Should Be Visible" owner="SeleniumLibrary">
<msg time="2024-10-16T21:46:16.529671" level="INFO">Element 'xpath=//div[@data-test='inventory-item-name' and text()='Sauce Labs Backpack']' is displayed.</msg>
<arg>xpath=//div[@data-test='inventory-item-name' and text()='${product_name}']</arg>
<doc>Verifies that the element identified by ``locator`` is visible.</doc>
<status status="PASS" start="2024-10-16T21:46:16.518112" elapsed="0.011559"/>
</kw>
<kw name="Set Variable" owner="BuiltIn">
<msg time="2024-10-16T21:46:16.530953" level="INFO">${product_item} = //div[@class='inventory_item_name' and text()='Sauce Labs Backpack']/ancestor::div[@class='cart_item']</msg>
<var>${product_item}</var>
<arg>//div[@class='inventory_item_name' and text()='${product_name}']/ancestor::div[@class='cart_item']</arg>
<doc>Returns the given values which can then be assigned to a variables.</doc>
<status status="PASS" start="2024-10-16T21:46:16.529671" elapsed="0.001282"/>
</kw>
<if>
<branch type="IF" condition="$product_desc != &quot;null&quot;">
<kw name="Element Should Contain" owner="SeleniumLibrary">
<arg>xpath=${product_item}//div[@class='inventory_item_desc']</arg>
<arg>${product_desc}</arg>
<doc>Verifies that element ``locator`` contains text ``expected``.</doc>
<status status="NOT RUN" start="2024-10-16T21:46:16.530953" elapsed="0.000000"/>
</kw>
<status status="NOT RUN" start="2024-10-16T21:46:16.530953" elapsed="0.000000"/>
</branch>
<status status="PASS" start="2024-10-16T21:46:16.530953" elapsed="0.000000"/>
</if>
<if>
<branch type="IF" condition="$product_price != &quot;null&quot;">
<kw name="Element Should Contain" owner="SeleniumLibrary">
<arg>xpath=${product_item}//div[@data-test='inventory-item-price']</arg>
<arg>${product_price}</arg>
<doc>Verifies that element ``locator`` contains text ``expected``.</doc>
<status status="NOT RUN" start="2024-10-16T21:46:16.530953" elapsed="0.000000"/>
</kw>
<status status="NOT RUN" start="2024-10-16T21:46:16.530953" elapsed="0.000000"/>
</branch>
<status status="PASS" start="2024-10-16T21:46:16.530953" elapsed="0.000000"/>
</if>
<arg>Sauce Labs Backpack</arg>
<status status="PASS" start="2024-10-16T21:46:16.518112" elapsed="0.012841"/>
</kw>
<kw name="Shopping Cart Count Should Be" owner="inventory">
<if>
<branch type="IF" condition="$count == &quot;0&quot;">
<kw name="Element Should Not Be Visible" owner="SeleniumLibrary">
<arg>class:shopping_cart_badge</arg>
<doc>Verifies that the element identified by ``locator`` is NOT visible.</doc>
<status status="NOT RUN" start="2024-10-16T21:46:16.532034" elapsed="0.000000"/>
</kw>
<status status="NOT RUN" start="2024-10-16T21:46:16.532034" elapsed="0.000000"/>
</branch>
<branch type="ELSE">
<kw name="Wait Until Element Is Visible" owner="SeleniumLibrary">
<arg>class:shopping_cart_badge</arg>
<arg>5s</arg>
<doc>Waits until the element ``locator`` is visible.</doc>
<status status="PASS" start="2024-10-16T21:46:16.532034" elapsed="0.010992"/>
</kw>
<kw name="Element Text Should Be" owner="SeleniumLibrary">
<msg time="2024-10-16T21:46:16.544093" level="INFO">Verifying element 'class:shopping_cart_badge' contains exact text '1'.</msg>
<arg>class:shopping_cart_badge</arg>
<arg>${count}</arg>
<doc>Verifies that element ``locator`` contains exact the text ``expected``.</doc>
<status status="PASS" start="2024-10-16T21:46:16.544093" elapsed="0.009808"/>
</kw>
<status status="PASS" start="2024-10-16T21:46:16.532034" elapsed="0.021867"/>
</branch>
<status status="PASS" start="2024-10-16T21:46:16.532034" elapsed="0.021867"/>
</if>
<arg>1</arg>
<status status="PASS" start="2024-10-16T21:46:16.532034" elapsed="0.021867"/>
</kw>
<kw name="Go To Checkout" owner="checkout">
<kw name="Click Button" owner="SeleniumLibrary">
<msg time="2024-10-16T21:46:16.554918" level="INFO">Clicking button 'id=checkout'.</msg>
<arg>id=checkout</arg>
<doc>Clicks the button identified by ``locator``.</doc>
<status status="PASS" start="2024-10-16T21:46:16.554918" elapsed="0.225279"/>
</kw>
<doc>use in shopping cart page
Go to checkout page</doc>
<status status="PASS" start="2024-10-16T21:46:16.553901" elapsed="0.226296"/>
</kw>
<kw name="Enter Checkout Information" owner="checkout">
<kw name="Input Text" owner="SeleniumLibrary">
<msg time="2024-10-16T21:46:16.781193" level="INFO">Typing text 'Somchai' into text field 'id=first-name'.</msg>
<arg>id=first-name</arg>
<arg>${first_name}</arg>
<doc>Types the given ``text`` into the text field identified by ``locator``.</doc>
<status status="PASS" start="2024-10-16T21:46:16.780197" elapsed="0.039145"/>
</kw>
<kw name="Input Text" owner="SeleniumLibrary">
<msg time="2024-10-16T21:46:16.819342" level="INFO">Typing text 'Jaidee' into text field 'id=last-name'.</msg>
<arg>id=last-name</arg>
<arg>${last_name}</arg>
<doc>Types the given ``text`` into the text field identified by ``locator``.</doc>
<status status="PASS" start="2024-10-16T21:46:16.819342" elapsed="0.029611"/>
</kw>
<kw name="Input Text" owner="SeleniumLibrary">
<msg time="2024-10-16T21:46:16.849967" level="INFO">Typing text '99999' into text field 'id=postal-code'.</msg>
<arg>id=postal-code</arg>
<arg>${postal_code}</arg>
<doc>Types the given ``text`` into the text field identified by ``locator``.</doc>
<status status="PASS" start="2024-10-16T21:46:16.849967" elapsed="0.026180"/>
</kw>
<kw name="Click Button" owner="SeleniumLibrary">
<msg time="2024-10-16T21:46:16.877443" level="INFO">Clicking button 'id:continue'.</msg>
<arg>id:continue</arg>
<doc>Clicks the button identified by ``locator``.</doc>
<status status="PASS" start="2024-10-16T21:46:16.876147" elapsed="0.222113"/>
</kw>
<arg>Somchai</arg>
<arg>Jaidee</arg>
<arg>99999</arg>
<doc>use in checkout-step-one
enter form by using 3 argument
`first_name` , `last_name` , `postal_code`</doc>
<status status="PASS" start="2024-10-16T21:46:16.780197" elapsed="0.318063"/>
</kw>
<kw name="Checkout Overview Should Have" owner="checkout">
<kw name="Element Should Be Visible" owner="SeleniumLibrary">
<msg time="2024-10-16T21:46:17.109794" level="INFO">Element 'xpath=//div[@data-test='inventory-item-name' and text()='Sauce Labs Backpack']' is displayed.</msg>
<arg>xpath=//div[@data-test='inventory-item-name' and text()='${product_name}']</arg>
<doc>Verifies that the element identified by ``locator`` is visible.</doc>
<status status="PASS" start="2024-10-16T21:46:17.099556" elapsed="0.010238"/>
</kw>
<kw name="Set Variable" owner="BuiltIn">
<msg time="2024-10-16T21:46:17.109794" level="INFO">${product_item} = //div[@class='inventory_item_name' and text()='Sauce Labs Backpack']/ancestor::div[@class='cart_item']</msg>
<var>${product_item}</var>
<arg>//div[@class='inventory_item_name' and text()='${product_name}']/ancestor::div[@class='cart_item']</arg>
<doc>Returns the given values which can then be assigned to a variables.</doc>
<status status="PASS" start="2024-10-16T21:46:17.109794" elapsed="0.000000"/>
</kw>
<if>
<branch type="IF" condition="$product_desc != &quot;null&quot;">
<kw name="Element Should Contain" owner="SeleniumLibrary">
<arg>xpath=${product_item}//div[@class='inventory_item_desc']</arg>
<arg>${product_desc}</arg>
<doc>Verifies that element ``locator`` contains text ``expected``.</doc>
<status status="NOT RUN" start="2024-10-16T21:46:17.109794" elapsed="0.000000"/>
</kw>
<status status="NOT RUN" start="2024-10-16T21:46:17.109794" elapsed="0.001045"/>
</branch>
<status status="PASS" start="2024-10-16T21:46:17.109794" elapsed="0.001045"/>
</if>
<if>
<branch type="IF" condition="$product_price != &quot;null&quot;">
<kw name="Element Should Contain" owner="SeleniumLibrary">
<arg>xpath=${product_item}//div[@data-test='inventory-item-price']</arg>
<arg>${product_price}</arg>
<doc>Verifies that element ``locator`` contains text ``expected``.</doc>
<status status="NOT RUN" start="2024-10-16T21:46:17.110839" elapsed="0.000000"/>
</kw>
<status status="NOT RUN" start="2024-10-16T21:46:17.110839" elapsed="0.000000"/>
</branch>
<status status="PASS" start="2024-10-16T21:46:17.110839" elapsed="0.000000"/>
</if>
<arg>Sauce Labs Backpack</arg>
<status status="PASS" start="2024-10-16T21:46:17.098260" elapsed="0.012579"/>
</kw>
<kw name="Finish Checkout" owner="checkout">
<kw name="Click Button" owner="SeleniumLibrary">
<msg time="2024-10-16T21:46:17.111845" level="INFO">Clicking button 'id=finish'.</msg>
<arg>id=finish</arg>
<doc>Clicks the button identified by ``locator``.</doc>
<status status="PASS" start="2024-10-16T21:46:17.110839" elapsed="0.227871"/>
</kw>
<kw name="Page Should Contain" owner="SeleniumLibrary">
<msg time="2024-10-16T21:46:17.348083" level="INFO">Current page contains text 'Thank you for your order!'.</msg>
<arg>Thank you for your order!</arg>
<doc>Verifies that current page contains ``text``.</doc>
<status status="PASS" start="2024-10-16T21:46:17.338710" elapsed="0.009373"/>
</kw>
<kw name="Page Should Contain" owner="SeleniumLibrary">
<msg time="2024-10-16T21:46:17.372647" level="INFO">Current page contains text 'Your order has been dispatched, and will arrive just as fast as the pony can get there!'.</msg>
<arg>Your order has been dispatched, and will arrive just as fast as the pony can get there!</arg>
<doc>Verifies that current page contains ``text``.</doc>
<status status="PASS" start="2024-10-16T21:46:17.348083" elapsed="0.024564"/>
</kw>
<status status="PASS" start="2024-10-16T21:46:17.110839" elapsed="0.261808"/>
</kw>
<kw name="Close Browser" owner="SeleniumLibrary">
<doc>Closes the current browser.</doc>
<status status="PASS" start="2024-10-16T21:46:17.372647" elapsed="2.780830"/>
</kw>
<var name="${product}">Sauce Labs Backpack</var>
<status status="PASS" start="2024-10-16T21:46:08.932058" elapsed="11.221419"/>
</iter>
<iter>
<kw name="Login User" owner="login">
<kw name="Open Browser" owner="SeleniumLibrary">
<msg time="2024-10-16T21:46:20.155302" level="INFO">Opening browser 'ff' to base url 'https://www.saucedemo.com'.</msg>
<arg>${URL}</arg>
<arg>browser=ff</arg>
<doc>Opens a new browser instance to the optional ``url``.</doc>
<status status="PASS" start="2024-10-16T21:46:20.155302" elapsed="6.658003"/>
</kw>
<kw name="Input Text" owner="SeleniumLibrary">
<msg time="2024-10-16T21:46:26.813305" level="INFO">Typing text 'standard_user' into text field 'id:user-name'.</msg>
<arg>id:user-name</arg>
<arg>${username}</arg>
<doc>Types the given ``text`` into the text field identified by ``locator``.</doc>
<status status="PASS" start="2024-10-16T21:46:26.813305" elapsed="0.097224"/>
</kw>
<kw name="Input Password" owner="SeleniumLibrary">
<msg time="2024-10-16T21:46:26.910529" level="INFO">Typing password into text field 'id:password'.</msg>
<msg time="2024-10-16T21:46:26.917631" level="INFO">Temporally setting log level to: NONE</msg>
<arg>id:password</arg>
<arg>${password}</arg>
<doc>Types the given password into the text field identified by ``locator``.</doc>
<status status="PASS" start="2024-10-16T21:46:26.910529" elapsed="0.034065"/>
</kw>
<kw name="Click Button" owner="SeleniumLibrary">
<msg time="2024-10-16T21:46:26.944594" level="INFO">Clicking button 'id:login-button'.</msg>
<arg>id:login-button</arg>
<doc>Clicks the button identified by ``locator``.</doc>
<status status="PASS" start="2024-10-16T21:46:26.944594" elapsed="0.257482"/>
</kw>
<arg>${username}</arg>
<doc>Login with user</doc>
<status status="PASS" start="2024-10-16T21:46:20.155302" elapsed="7.046774"/>
</kw>
<kw name="Add To Cart" owner="inventory">
<kw name="Click Button" owner="SeleniumLibrary">
<msg time="2024-10-16T21:46:27.204221" level="INFO">Clicking button 'xpath=//div[.//div[@data-test='inventory-item-name' and text()='Sauce Labs Bike Light']]//button[text()='Add to cart']'.</msg>
<arg>xpath=//div[.//div[@data-test='inventory-item-name' and text()='${product_name}']]//button[text()='Add to cart']</arg>
<doc>Clicks the button identified by ``locator``.</doc>
<status status="PASS" start="2024-10-16T21:46:27.203134" elapsed="0.261008"/>
</kw>
<arg>${product}</arg>
<status status="PASS" start="2024-10-16T21:46:27.203134" elapsed="0.261008"/>
</kw>
<kw name="Enter Shoping Cart" owner="shopping">
<kw name="Click Element" owner="SeleniumLibrary">
<msg time="2024-10-16T21:46:27.465665" level="INFO">Clicking element 'xpath=//a[@data-test='shopping-cart-link']'.</msg>
<arg>xpath=//a[@data-test='shopping-cart-link']</arg>
<doc>Click the element identified by ``locator``.</doc>
<status status="PASS" start="2024-10-16T21:46:27.465665" elapsed="0.219969"/>
</kw>
<status status="PASS" start="2024-10-16T21:46:27.464142" elapsed="0.221492"/>
</kw>
<kw name="Shopping Cart Should Have" owner="shopping">
<kw name="Element Should Be Visible" owner="SeleniumLibrary">
<msg time="2024-10-16T21:46:27.698865" level="INFO">Element 'xpath=//div[@data-test='inventory-item-name' and text()='Sauce Labs Backpack']' is displayed.</msg>
<arg>xpath=//div[@data-test='inventory-item-name' and text()='${product_name}']</arg>
<doc>Verifies that the element identified by ``locator`` is visible.</doc>
<status status="PASS" start="2024-10-16T21:46:27.685634" elapsed="0.013231"/>
</kw>
<kw name="Set Variable" owner="BuiltIn">
<msg time="2024-10-16T21:46:27.700006" level="INFO">${product_item} = //div[@class='inventory_item_name' and text()='Sauce Labs Backpack']/ancestor::div[@class='cart_item']</msg>
<var>${product_item}</var>
<arg>//div[@class='inventory_item_name' and text()='${product_name}']/ancestor::div[@class='cart_item']</arg>
<doc>Returns the given values which can then be assigned to a variables.</doc>
<status status="PASS" start="2024-10-16T21:46:27.698865" elapsed="0.001141"/>
</kw>
<if>
<branch type="IF" condition="$product_desc != &quot;null&quot;">
<kw name="Element Should Contain" owner="SeleniumLibrary">
<arg>xpath=${product_item}//div[@class='inventory_item_desc']</arg>
<arg>${product_desc}</arg>
<doc>Verifies that element ``locator`` contains text ``expected``.</doc>
<status status="NOT RUN" start="2024-10-16T21:46:27.700006" elapsed="0.000000"/>
</kw>
<status status="NOT RUN" start="2024-10-16T21:46:27.700006" elapsed="0.000000"/>
</branch>
<status status="PASS" start="2024-10-16T21:46:27.700006" elapsed="0.000000"/>
</if>
<if>
<branch type="IF" condition="$product_price != &quot;null&quot;">
<kw name="Element Should Contain" owner="SeleniumLibrary">
<arg>xpath=${product_item}//div[@data-test='inventory-item-price']</arg>
<arg>${product_price}</arg>
<doc>Verifies that element ``locator`` contains text ``expected``.</doc>
<status status="NOT RUN" start="2024-10-16T21:46:27.701078" elapsed="0.000000"/>
</kw>
<status status="NOT RUN" start="2024-10-16T21:46:27.700006" elapsed="0.001072"/>
</branch>
<status status="PASS" start="2024-10-16T21:46:27.700006" elapsed="0.001072"/>
</if>
<arg>Sauce Labs Backpack</arg>
<status status="PASS" start="2024-10-16T21:46:27.685634" elapsed="0.015444"/>
</kw>
<kw name="Shopping Cart Count Should Be" owner="inventory">
<if>
<branch type="IF" condition="$count == &quot;0&quot;">
<kw name="Element Should Not Be Visible" owner="SeleniumLibrary">
<arg>class:shopping_cart_badge</arg>
<doc>Verifies that the element identified by ``locator`` is NOT visible.</doc>
<status status="NOT RUN" start="2024-10-16T21:46:27.702094" elapsed="0.000000"/>
</kw>
<status status="NOT RUN" start="2024-10-16T21:46:27.702094" elapsed="0.000000"/>
</branch>
<branch type="ELSE">
<kw name="Wait Until Element Is Visible" owner="SeleniumLibrary">
<arg>class:shopping_cart_badge</arg>
<arg>5s</arg>
<doc>Waits until the element ``locator`` is visible.</doc>
<status status="PASS" start="2024-10-16T21:46:27.703090" elapsed="0.015421"/>
</kw>
<kw name="Element Text Should Be" owner="SeleniumLibrary">
<msg time="2024-10-16T21:46:27.718511" level="INFO">Verifying element 'class:shopping_cart_badge' contains exact text '1'.</msg>
<arg>class:shopping_cart_badge</arg>
<arg>${count}</arg>
<doc>Verifies that element ``locator`` contains exact the text ``expected``.</doc>
<status status="PASS" start="2024-10-16T21:46:27.718511" elapsed="0.009789"/>
</kw>
<status status="PASS" start="2024-10-16T21:46:27.702094" elapsed="0.026206"/>
</branch>
<status status="PASS" start="2024-10-16T21:46:27.702094" elapsed="0.026206"/>
</if>
<arg>1</arg>
<status status="PASS" start="2024-10-16T21:46:27.701078" elapsed="0.027222"/>
</kw>
<kw name="Go To Checkout" owner="checkout">
<kw name="Click Button" owner="SeleniumLibrary">
<msg time="2024-10-16T21:46:27.729321" level="INFO">Clicking button 'id=checkout'.</msg>
<arg>id=checkout</arg>
<doc>Clicks the button identified by ``locator``.</doc>
<status status="PASS" start="2024-10-16T21:46:27.729321" elapsed="0.222660"/>
</kw>
<doc>use in shopping cart page
Go to checkout page</doc>
<status status="PASS" start="2024-10-16T21:46:27.729321" elapsed="0.222660"/>
</kw>
<kw name="Enter Checkout Information" owner="checkout">
<kw name="Input Text" owner="SeleniumLibrary">
<msg time="2024-10-16T21:46:27.952980" level="INFO">Typing text 'Somchai' into text field 'id=first-name'.</msg>
<arg>id=first-name</arg>
<arg>${first_name}</arg>
<doc>Types the given ``text`` into the text field identified by ``locator``.</doc>
<status status="PASS" start="2024-10-16T21:46:27.952980" elapsed="0.035974"/>
</kw>
<kw name="Input Text" owner="SeleniumLibrary">
<msg time="2024-10-16T21:46:27.989956" level="INFO">Typing text 'Jaidee' into text field 'id=last-name'.</msg>
<arg>id=last-name</arg>
<arg>${last_name}</arg>
<doc>Types the given ``text`` into the text field identified by ``locator``.</doc>
<status status="PASS" start="2024-10-16T21:46:27.988954" elapsed="0.036280"/>
</kw>
<kw name="Input Text" owner="SeleniumLibrary">
<msg time="2024-10-16T21:46:28.025234" level="INFO">Typing text '99999' into text field 'id=postal-code'.</msg>
<arg>id=postal-code</arg>
<arg>${postal_code}</arg>
<doc>Types the given ``text`` into the text field identified by ``locator``.</doc>
<status status="PASS" start="2024-10-16T21:46:28.025234" elapsed="0.024745"/>
</kw>
<kw name="Click Button" owner="SeleniumLibrary">
<msg time="2024-10-16T21:46:28.049979" level="INFO">Clicking button 'id:continue'.</msg>
<arg>id:continue</arg>
<doc>Clicks the button identified by ``locator``.</doc>
<status status="PASS" start="2024-10-16T21:46:28.049979" elapsed="0.228194"/>
</kw>
<arg>Somchai</arg>
<arg>Jaidee</arg>
<arg>99999</arg>
<doc>use in checkout-step-one
enter form by using 3 argument
`first_name` , `last_name` , `postal_code`</doc>
<status status="PASS" start="2024-10-16T21:46:27.951981" elapsed="0.326192"/>
</kw>
<kw name="Checkout Overview Should Have" owner="checkout">
<kw name="Element Should Be Visible" owner="SeleniumLibrary">
<msg time="2024-10-16T21:46:28.288391" level="INFO">Element 'xpath=//div[@data-test='inventory-item-name' and text()='Sauce Labs Backpack']' is displayed.</msg>
<arg>xpath=//div[@data-test='inventory-item-name' and text()='${product_name}']</arg>
<doc>Verifies that the element identified by ``locator`` is visible.</doc>
<status status="PASS" start="2024-10-16T21:46:28.278173" elapsed="0.010218"/>
</kw>
<kw name="Set Variable" owner="BuiltIn">
<msg time="2024-10-16T21:46:28.289419" level="INFO">${product_item} = //div[@class='inventory_item_name' and text()='Sauce Labs Backpack']/ancestor::div[@class='cart_item']</msg>
<var>${product_item}</var>
<arg>//div[@class='inventory_item_name' and text()='${product_name}']/ancestor::div[@class='cart_item']</arg>
<doc>Returns the given values which can then be assigned to a variables.</doc>
<status status="PASS" start="2024-10-16T21:46:28.288391" elapsed="0.001028"/>
</kw>
<if>
<branch type="IF" condition="$product_desc != &quot;null&quot;">
<kw name="Element Should Contain" owner="SeleniumLibrary">
<arg>xpath=${product_item}//div[@class='inventory_item_desc']</arg>
<arg>${product_desc}</arg>
<doc>Verifies that element ``locator`` contains text ``expected``.</doc>
<status status="NOT RUN" start="2024-10-16T21:46:28.289419" elapsed="0.000000"/>
</kw>
<status status="NOT RUN" start="2024-10-16T21:46:28.289419" elapsed="0.000000"/>
</branch>
<status status="PASS" start="2024-10-16T21:46:28.289419" elapsed="0.000000"/>
</if>
<if>
<branch type="IF" condition="$product_price != &quot;null&quot;">
<kw name="Element Should Contain" owner="SeleniumLibrary">
<arg>xpath=${product_item}//div[@data-test='inventory-item-price']</arg>
<arg>${product_price}</arg>
<doc>Verifies that element ``locator`` contains text ``expected``.</doc>
<status status="NOT RUN" start="2024-10-16T21:46:28.289419" elapsed="0.000000"/>
</kw>
<status status="NOT RUN" start="2024-10-16T21:46:28.289419" elapsed="0.000000"/>
</branch>
<status status="PASS" start="2024-10-16T21:46:28.289419" elapsed="0.000000"/>
</if>
<arg>Sauce Labs Backpack</arg>
<status status="PASS" start="2024-10-16T21:46:28.278173" elapsed="0.011246"/>
</kw>
<kw name="Finish Checkout" owner="checkout">
<kw name="Click Button" owner="SeleniumLibrary">
<msg time="2024-10-16T21:46:28.290416" level="INFO">Clicking button 'id=finish'.</msg>
<arg>id=finish</arg>
<doc>Clicks the button identified by ``locator``.</doc>
<status status="PASS" start="2024-10-16T21:46:28.290416" elapsed="0.246782"/>
</kw>
<kw name="Page Should Contain" owner="SeleniumLibrary">
<msg time="2024-10-16T21:46:28.550956" level="INFO">Current page contains text 'Thank you for your order!'.</msg>
<arg>Thank you for your order!</arg>
<doc>Verifies that current page contains ``text``.</doc>
<status status="PASS" start="2024-10-16T21:46:28.538308" elapsed="0.012648"/>
</kw>
<kw name="Page Should Contain" owner="SeleniumLibrary">
<msg time="2024-10-16T21:46:28.562937" level="INFO">Current page contains text 'Your order has been dispatched, and will arrive just as fast as the pony can get there!'.</msg>
<arg>Your order has been dispatched, and will arrive just as fast as the pony can get there!</arg>
<doc>Verifies that current page contains ``text``.</doc>
<status status="PASS" start="2024-10-16T21:46:28.551989" elapsed="0.010948"/>
</kw>
<status status="PASS" start="2024-10-16T21:46:28.289419" elapsed="0.273518"/>
</kw>
<kw name="Close Browser" owner="SeleniumLibrary">
<doc>Closes the current browser.</doc>
<status status="PASS" start="2024-10-16T21:46:28.564068" elapsed="2.791458"/>
</kw>
<var name="${product}">Sauce Labs Bike Light</var>
<status status="PASS" start="2024-10-16T21:46:20.155302" elapsed="11.200224"/>
</iter>
<iter>
<kw name="Login User" owner="login">
<kw name="Open Browser" owner="SeleniumLibrary">
<msg time="2024-10-16T21:46:31.356862" level="INFO">Opening browser 'ff' to base url 'https://www.saucedemo.com'.</msg>
<arg>${URL}</arg>
<arg>browser=ff</arg>
<doc>Opens a new browser instance to the optional ``url``.</doc>
<status status="PASS" start="2024-10-16T21:46:31.356862" elapsed="6.577569"/>
</kw>
<kw name="Input Text" owner="SeleniumLibrary">
<msg time="2024-10-16T21:46:37.934939" level="INFO">Typing text 'standard_user' into text field 'id:user-name'.</msg>
<arg>id:user-name</arg>
<arg>${username}</arg>
<doc>Types the given ``text`` into the text field identified by ``locator``.</doc>
<status status="PASS" start="2024-10-16T21:46:37.934431" elapsed="0.115577"/>
</kw>
<kw name="Input Password" owner="SeleniumLibrary">
<msg time="2024-10-16T21:46:38.050008" level="INFO">Typing password into text field 'id:password'.</msg>
<msg time="2024-10-16T21:46:38.057044" level="INFO">Temporally setting log level to: NONE</msg>
<arg>id:password</arg>
<arg>${password}</arg>
<doc>Types the given password into the text field identified by ``locator``.</doc>
<status status="PASS" start="2024-10-16T21:46:38.050008" elapsed="0.038249"/>
</kw>
<kw name="Click Button" owner="SeleniumLibrary">
<msg time="2024-10-16T21:46:38.088257" level="INFO">Clicking button 'id:login-button'.</msg>
<arg>id:login-button</arg>
<doc>Clicks the button identified by ``locator``.</doc>
<status status="PASS" start="2024-10-16T21:46:38.088257" elapsed="0.268502"/>
</kw>
<arg>${username}</arg>
<doc>Login with user</doc>
<status status="PASS" start="2024-10-16T21:46:31.356343" elapsed="7.000416"/>
</kw>
<kw name="Add To Cart" owner="inventory">
<kw name="Click Button" owner="SeleniumLibrary">
<msg time="2024-10-16T21:46:38.357760" level="INFO">Clicking button 'xpath=//div[.//div[@data-test='inventory-item-name' and text()='Sauce Labs Bolt T-Shirt']]//button[text()='Add to cart']'.</msg>
<arg>xpath=//div[.//div[@data-test='inventory-item-name' and text()='${product_name}']]//button[text()='Add to cart']</arg>
<doc>Clicks the button identified by ``locator``.</doc>
<status status="PASS" start="2024-10-16T21:46:38.357760" elapsed="0.259765"/>
</kw>
<arg>${product}</arg>
<status status="PASS" start="2024-10-16T21:46:38.356759" elapsed="0.260766"/>
</kw>
<kw name="Enter Shoping Cart" owner="shopping">
<kw name="Click Element" owner="SeleniumLibrary">
<msg time="2024-10-16T21:46:38.618628" level="INFO">Clicking element 'xpath=//a[@data-test='shopping-cart-link']'.</msg>
<arg>xpath=//a[@data-test='shopping-cart-link']</arg>
<doc>Click the element identified by ``locator``.</doc>
<status status="PASS" start="2024-10-16T21:46:38.618628" elapsed="0.226064"/>
</kw>
<status status="PASS" start="2024-10-16T21:46:38.618628" elapsed="0.226064"/>
</kw>
<kw name="Shopping Cart Should Have" owner="shopping">
<kw name="Element Should Be Visible" owner="SeleniumLibrary">
<msg time="2024-10-16T21:46:38.856937" level="INFO">Element 'xpath=//div[@data-test='inventory-item-name' and text()='Sauce Labs Backpack']' is displayed.</msg>
<arg>xpath=//div[@data-test='inventory-item-name' and text()='${product_name}']</arg>
<doc>Verifies that the element identified by ``locator`` is visible.</doc>
<status status="PASS" start="2024-10-16T21:46:38.845702" elapsed="0.012362"/>
</kw>
<kw name="Set Variable" owner="BuiltIn">
<msg time="2024-10-16T21:46:38.858064" level="INFO">${product_item} = //div[@class='inventory_item_name' and text()='Sauce Labs Backpack']/ancestor::div[@class='cart_item']</msg>
<var>${product_item}</var>
<arg>//div[@class='inventory_item_name' and text()='${product_name}']/ancestor::div[@class='cart_item']</arg>
<doc>Returns the given values which can then be assigned to a variables.</doc>
<status status="PASS" start="2024-10-16T21:46:38.858064" elapsed="0.000000"/>
</kw>
<if>
<branch type="IF" condition="$product_desc != &quot;null&quot;">
<kw name="Element Should Contain" owner="SeleniumLibrary">
<arg>xpath=${product_item}//div[@class='inventory_item_desc']</arg>
<arg>${product_desc}</arg>
<doc>Verifies that element ``locator`` contains text ``expected``.</doc>
<status status="NOT RUN" start="2024-10-16T21:46:38.858064" elapsed="0.000000"/>
</kw>
<status status="NOT RUN" start="2024-10-16T21:46:38.858064" elapsed="0.000000"/>
</branch>
<status status="PASS" start="2024-10-16T21:46:38.858064" elapsed="0.000000"/>
</if>
<if>
<branch type="IF" condition="$product_price != &quot;null&quot;">
<kw name="Element Should Contain" owner="SeleniumLibrary">
<arg>xpath=${product_item}//div[@data-test='inventory-item-price']</arg>
<arg>${product_price}</arg>
<doc>Verifies that element ``locator`` contains text ``expected``.</doc>
<status status="NOT RUN" start="2024-10-16T21:46:38.859405" elapsed="0.000000"/>
</kw>
<status status="NOT RUN" start="2024-10-16T21:46:38.858064" elapsed="0.001341"/>
</branch>
<status status="PASS" start="2024-10-16T21:46:38.858064" elapsed="0.001341"/>
</if>
<arg>Sauce Labs Backpack</arg>
<status status="PASS" start="2024-10-16T21:46:38.845702" elapsed="0.013703"/>
</kw>
<kw name="Shopping Cart Count Should Be" owner="inventory">
<if>
<branch type="IF" condition="$count == &quot;0&quot;">
<kw name="Element Should Not Be Visible" owner="SeleniumLibrary">
<arg>class:shopping_cart_badge</arg>
<doc>Verifies that the element identified by ``locator`` is NOT visible.</doc>
<status status="NOT RUN" start="2024-10-16T21:46:38.859405" elapsed="0.000000"/>
</kw>
<status status="NOT RUN" start="2024-10-16T21:46:38.859405" elapsed="0.000000"/>
</branch>
<branch type="ELSE">
<kw name="Wait Until Element Is Visible" owner="SeleniumLibrary">
<arg>class:shopping_cart_badge</arg>
<arg>5s</arg>
<doc>Waits until the element ``locator`` is visible.</doc>
<status status="PASS" start="2024-10-16T21:46:38.859405" elapsed="0.009927"/>
</kw>
<kw name="Element Text Should Be" owner="SeleniumLibrary">
<msg time="2024-10-16T21:46:38.870342" level="INFO">Verifying element 'class:shopping_cart_badge' contains exact text '1'.</msg>
<arg>class:shopping_cart_badge</arg>
<arg>${count}</arg>
<doc>Verifies that element ``locator`` contains exact the text ``expected``.</doc>
<status status="PASS" start="2024-10-16T21:46:38.869332" elapsed="0.010427"/>
</kw>
<status status="PASS" start="2024-10-16T21:46:38.859405" elapsed="0.020354"/>
</branch>
<status status="PASS" start="2024-10-16T21:46:38.859405" elapsed="0.020354"/>
</if>
<arg>1</arg>
<status status="PASS" start="2024-10-16T21:46:38.859405" elapsed="0.021416"/>
</kw>
<kw name="Go To Checkout" owner="checkout">
<kw name="Click Button" owner="SeleniumLibrary">
<msg time="2024-10-16T21:46:38.880821" level="INFO">Clicking button 'id=checkout'.</msg>
<arg>id=checkout</arg>
<doc>Clicks the button identified by ``locator``.</doc>
<status status="PASS" start="2024-10-16T21:46:38.880821" elapsed="0.224849"/>
</kw>
<doc>use in shopping cart page
Go to checkout page</doc>
<status status="PASS" start="2024-10-16T21:46:38.880821" elapsed="0.224849"/>
</kw>
<kw name="Enter Checkout Information" owner="checkout">
<kw name="Input Text" owner="SeleniumLibrary">
<msg time="2024-10-16T21:46:39.106187" level="INFO">Typing text 'Somchai' into text field 'id=first-name'.</msg>
<arg>id=first-name</arg>
<arg>${first_name}</arg>
<doc>Types the given ``text`` into the text field identified by ``locator``.</doc>
<status status="PASS" start="2024-10-16T21:46:39.106187" elapsed="0.034556"/>
</kw>
<kw name="Input Text" owner="SeleniumLibrary">
<msg time="2024-10-16T21:46:39.141742" level="INFO">Typing text 'Jaidee' into text field 'id=last-name'.</msg>
<arg>id=last-name</arg>
<arg>${last_name}</arg>
<doc>Types the given ``text`` into the text field identified by ``locator``.</doc>
<status status="PASS" start="2024-10-16T21:46:39.140743" elapsed="0.029811"/>
</kw>
<kw name="Input Text" owner="SeleniumLibrary">
<msg time="2024-10-16T21:46:39.171556" level="INFO">Typing text '99999' into text field 'id=postal-code'.</msg>
<arg>id=postal-code</arg>
<arg>${postal_code}</arg>
<doc>Types the given ``text`` into the text field identified by ``locator``.</doc>
<status status="PASS" start="2024-10-16T21:46:39.171556" elapsed="0.019684"/>
</kw>
<kw name="Click Button" owner="SeleniumLibrary">
<msg time="2024-10-16T21:46:39.192245" level="INFO">Clicking button 'id:continue'.</msg>
<arg>id:continue</arg>
<doc>Clicks the button identified by ``locator``.</doc>
<status status="PASS" start="2024-10-16T21:46:39.192245" elapsed="0.222460"/>
</kw>
<arg>Somchai</arg>
<arg>Jaidee</arg>
<arg>99999</arg>
<doc>use in checkout-step-one
enter form by using 3 argument
`first_name` , `last_name` , `postal_code`</doc>
<status status="PASS" start="2024-10-16T21:46:39.106187" elapsed="0.309518"/>
</kw>
<kw name="Checkout Overview Should Have" owner="checkout">
<kw name="Element Should Be Visible" owner="SeleniumLibrary">
<msg time="2024-10-16T21:46:39.425960" level="INFO">Element 'xpath=//div[@data-test='inventory-item-name' and text()='Sauce Labs Backpack']' is displayed.</msg>
<arg>xpath=//div[@data-test='inventory-item-name' and text()='${product_name}']</arg>
<doc>Verifies that the element identified by ``locator`` is visible.</doc>
<status status="PASS" start="2024-10-16T21:46:39.415705" elapsed="0.011270"/>
</kw>
<kw name="Set Variable" owner="BuiltIn">
<msg time="2024-10-16T21:46:39.428000" level="INFO">${product_item} = //div[@class='inventory_item_name' and text()='Sauce Labs Backpack']/ancestor::div[@class='cart_item']</msg>
<var>${product_item}</var>
<arg>//div[@class='inventory_item_name' and text()='${product_name}']/ancestor::div[@class='cart_item']</arg>
<doc>Returns the given values which can then be assigned to a variables.</doc>
<status status="PASS" start="2024-10-16T21:46:39.426975" elapsed="0.001025"/>
</kw>
<if>
<branch type="IF" condition="$product_desc != &quot;null&quot;">
<kw name="Element Should Contain" owner="SeleniumLibrary">
<arg>xpath=${product_item}//div[@class='inventory_item_desc']</arg>
<arg>${product_desc}</arg>
<doc>Verifies that element ``locator`` contains text ``expected``.</doc>
<status status="NOT RUN" start="2024-10-16T21:46:39.428000" elapsed="0.000000"/>
</kw>
<status status="NOT RUN" start="2024-10-16T21:46:39.428000" elapsed="0.000000"/>
</branch>
<status status="PASS" start="2024-10-16T21:46:39.428000" elapsed="0.000000"/>
</if>
<if>
<branch type="IF" condition="$product_price != &quot;null&quot;">
<kw name="Element Should Contain" owner="SeleniumLibrary">
<arg>xpath=${product_item}//div[@data-test='inventory-item-price']</arg>
<arg>${product_price}</arg>
<doc>Verifies that element ``locator`` contains text ``expected``.</doc>
<status status="NOT RUN" start="2024-10-16T21:46:39.428000" elapsed="0.000000"/>
</kw>
<status status="NOT RUN" start="2024-10-16T21:46:39.428000" elapsed="0.000000"/>
</branch>
<status status="PASS" start="2024-10-16T21:46:39.428000" elapsed="0.000000"/>
</if>
<arg>Sauce Labs Backpack</arg>
<status status="PASS" start="2024-10-16T21:46:39.415705" elapsed="0.012295"/>
</kw>
<kw name="Finish Checkout" owner="checkout">
<kw name="Click Button" owner="SeleniumLibrary">
<msg time="2024-10-16T21:46:39.429049" level="INFO">Clicking button 'id=finish'.</msg>
<arg>id=finish</arg>
<doc>Clicks the button identified by ``locator``.</doc>
<status status="PASS" start="2024-10-16T21:46:39.429049" elapsed="0.240758"/>
</kw>
<kw name="Page Should Contain" owner="SeleniumLibrary">
<msg time="2024-10-16T21:46:39.676067" level="INFO">Current page contains text 'Thank you for your order!'.</msg>
<arg>Thank you for your order!</arg>
<doc>Verifies that current page contains ``text``.</doc>
<status status="PASS" start="2024-10-16T21:46:39.669807" elapsed="0.006260"/>
</kw>
<kw name="Page Should Contain" owner="SeleniumLibrary">
<msg time="2024-10-16T21:46:39.731394" level="INFO">Current page contains text 'Your order has been dispatched, and will arrive just as fast as the pony can get there!'.</msg>
<arg>Your order has been dispatched, and will arrive just as fast as the pony can get there!</arg>
<doc>Verifies that current page contains ``text``.</doc>
<status status="PASS" start="2024-10-16T21:46:39.676067" elapsed="0.055327"/>
</kw>
<status status="PASS" start="2024-10-16T21:46:39.428000" elapsed="0.303394"/>
</kw>
<kw name="Close Browser" owner="SeleniumLibrary">
<doc>Closes the current browser.</doc>
<status status="PASS" start="2024-10-16T21:46:39.731394" elapsed="2.803367"/>
</kw>
<var name="${product}">Sauce Labs Bolt T-Shirt</var>
<status status="PASS" start="2024-10-16T21:46:31.356343" elapsed="11.178418"/>
</iter>
<iter>
<kw name="Login User" owner="login">
<kw name="Open Browser" owner="SeleniumLibrary">
<msg time="2024-10-16T21:46:42.535796" level="INFO">Opening browser 'ff' to base url 'https://www.saucedemo.com'.</msg>
<arg>${URL}</arg>
<arg>browser=ff</arg>
<doc>Opens a new browser instance to the optional ``url``.</doc>
<status status="PASS" start="2024-10-16T21:46:42.534761" elapsed="6.456913"/>
</kw>
<kw name="Input Text" owner="SeleniumLibrary">
<msg time="2024-10-16T21:46:48.992671" level="INFO">Typing text 'standard_user' into text field 'id:user-name'.</msg>
<arg>id:user-name</arg>
<arg>${username}</arg>
<doc>Types the given ``text`` into the text field identified by ``locator``.</doc>
<status status="PASS" start="2024-10-16T21:46:48.992671" elapsed="0.109898"/>
</kw>
<kw name="Input Password" owner="SeleniumLibrary">
<msg time="2024-10-16T21:46:49.103594" level="INFO">Typing password into text field 'id:password'.</msg>
<msg time="2024-10-16T21:46:49.111128" level="INFO">Temporally setting log level to: NONE</msg>
<arg>id:password</arg>
<arg>${password}</arg>
<doc>Types the given password into the text field identified by ``locator``.</doc>
<status status="PASS" start="2024-10-16T21:46:49.103594" elapsed="0.029151"/>
</kw>
<kw name="Click Button" owner="SeleniumLibrary">
<msg time="2024-10-16T21:46:49.132745" level="INFO">Clicking button 'id:login-button'.</msg>
<arg>id:login-button</arg>
<doc>Clicks the button identified by ``locator``.</doc>
<status status="PASS" start="2024-10-16T21:46:49.132745" elapsed="0.258635"/>
</kw>
<arg>${username}</arg>
<doc>Login with user</doc>
<status status="PASS" start="2024-10-16T21:46:42.534761" elapsed="6.856619"/>
</kw>
<kw name="Add To Cart" owner="inventory">
<kw name="Click Button" owner="SeleniumLibrary">
<msg time="2024-10-16T21:46:49.392380" level="INFO">Clicking button 'xpath=//div[.//div[@data-test='inventory-item-name' and text()='Sauce Labs Fleece Jacket']]//button[text()='Add to cart']'.</msg>
<arg>xpath=//div[.//div[@data-test='inventory-item-name' and text()='${product_name}']]//button[text()='Add to cart']</arg>
<doc>Clicks the button identified by ``locator``.</doc>
<status status="PASS" start="2024-10-16T21:46:49.392380" elapsed="0.255322"/>
</kw>
<arg>${product}</arg>
<status status="PASS" start="2024-10-16T21:46:49.391380" elapsed="0.257688"/>
</kw>
<kw name="Enter Shoping Cart" owner="shopping">
<kw name="Click Element" owner="SeleniumLibrary">
<msg time="2024-10-16T21:46:49.649576" level="INFO">Clicking element 'xpath=//a[@data-test='shopping-cart-link']'.</msg>
<arg>xpath=//a[@data-test='shopping-cart-link']</arg>
<doc>Click the element identified by ``locator``.</doc>
<status status="PASS" start="2024-10-16T21:46:49.649576" elapsed="0.220566"/>
</kw>
<status status="PASS" start="2024-10-16T21:46:49.649068" elapsed="0.221074"/>
</kw>
<kw name="Shopping Cart Should Have" owner="shopping">
<kw name="Element Should Be Visible" owner="SeleniumLibrary">
<msg time="2024-10-16T21:46:49.881168" level="INFO">Element 'xpath=//div[@data-test='inventory-item-name' and text()='Sauce Labs Backpack']' is displayed.</msg>
<arg>xpath=//div[@data-test='inventory-item-name' and text()='${product_name}']</arg>
<doc>Verifies that the element identified by ``locator`` is visible.</doc>
<status status="PASS" start="2024-10-16T21:46:49.870142" elapsed="0.012063"/>
</kw>
<kw name="Set Variable" owner="BuiltIn">
<msg time="2024-10-16T21:46:49.882205" level="INFO">${product_item} = //div[@class='inventory_item_name' and text()='Sauce Labs Backpack']/ancestor::div[@class='cart_item']</msg>
<var>${product_item}</var>
<arg>//div[@class='inventory_item_name' and text()='${product_name}']/ancestor::div[@class='cart_item']</arg>
<doc>Returns the given values which can then be assigned to a variables.</doc>
<status status="PASS" start="2024-10-16T21:46:49.882205" elapsed="0.000000"/>
</kw>
<if>
<branch type="IF" condition="$product_desc != &quot;null&quot;">
<kw name="Element Should Contain" owner="SeleniumLibrary">
<arg>xpath=${product_item}//div[@class='inventory_item_desc']</arg>
<arg>${product_desc}</arg>
<doc>Verifies that element ``locator`` contains text ``expected``.</doc>
<status status="NOT RUN" start="2024-10-16T21:46:49.883294" elapsed="0.000000"/>
</kw>
<status status="NOT RUN" start="2024-10-16T21:46:49.883294" elapsed="0.000000"/>
</branch>
<status status="PASS" start="2024-10-16T21:46:49.883294" elapsed="0.000000"/>
</if>
<if>
<branch type="IF" condition="$product_price != &quot;null&quot;">
<kw name="Element Should Contain" owner="SeleniumLibrary">
<arg>xpath=${product_item}//div[@data-test='inventory-item-price']</arg>
<arg>${product_price}</arg>
<doc>Verifies that element ``locator`` contains text ``expected``.</doc>
<status status="NOT RUN" start="2024-10-16T21:46:49.883294" elapsed="0.000000"/>
</kw>
<status status="NOT RUN" start="2024-10-16T21:46:49.883294" elapsed="0.000000"/>
</branch>
<status status="PASS" start="2024-10-16T21:46:49.883294" elapsed="0.000000"/>
</if>
<arg>Sauce Labs Backpack</arg>
<status status="PASS" start="2024-10-16T21:46:49.870142" elapsed="0.013152"/>
</kw>
<kw name="Shopping Cart Count Should Be" owner="inventory">
<if>
<branch type="IF" condition="$count == &quot;0&quot;">
<kw name="Element Should Not Be Visible" owner="SeleniumLibrary">
<arg>class:shopping_cart_badge</arg>
<doc>Verifies that the element identified by ``locator`` is NOT visible.</doc>
<status status="NOT RUN" start="2024-10-16T21:46:49.884367" elapsed="0.000000"/>
</kw>
<status status="NOT RUN" start="2024-10-16T21:46:49.883294" elapsed="0.001073"/>
</branch>
<branch type="ELSE">
<kw name="Wait Until Element Is Visible" owner="SeleniumLibrary">
<arg>class:shopping_cart_badge</arg>
<arg>5s</arg>
<doc>Waits until the element ``locator`` is visible.</doc>
<status status="PASS" start="2024-10-16T21:46:49.884367" elapsed="0.009773"/>
</kw>
<kw name="Element Text Should Be" owner="SeleniumLibrary">
<msg time="2024-10-16T21:46:49.894140" level="INFO">Verifying element 'class:shopping_cart_badge' contains exact text '1'.</msg>
<arg>class:shopping_cart_badge</arg>
<arg>${count}</arg>
<doc>Verifies that element ``locator`` contains exact the text ``expected``.</doc>
<status status="PASS" start="2024-10-16T21:46:49.894140" elapsed="0.010316"/>
</kw>
<status status="PASS" start="2024-10-16T21:46:49.884367" elapsed="0.020089"/>
</branch>
<status status="PASS" start="2024-10-16T21:46:49.883294" elapsed="0.021162"/>
</if>
<arg>1</arg>
<status status="PASS" start="2024-10-16T21:46:49.883294" elapsed="0.021162"/>
</kw>
<kw name="Go To Checkout" owner="checkout">
<kw name="Click Button" owner="SeleniumLibrary">
<msg time="2024-10-16T21:46:49.904456" level="INFO">Clicking button 'id=checkout'.</msg>
<arg>id=checkout</arg>
<doc>Clicks the button identified by ``locator``.</doc>
<status status="PASS" start="2024-10-16T21:46:49.904456" elapsed="0.226136"/>
</kw>
<doc>use in shopping cart page
Go to checkout page</doc>
<status status="PASS" start="2024-10-16T21:46:49.904456" elapsed="0.226136"/>
</kw>
<kw name="Enter Checkout Information" owner="checkout">
<kw name="Input Text" owner="SeleniumLibrary">
<msg time="2024-10-16T21:46:50.131634" level="INFO">Typing text 'Somchai' into text field 'id=first-name'.</msg>
<arg>id=first-name</arg>
<arg>${first_name}</arg>
<doc>Types the given ``text`` into the text field identified by ``locator``.</doc>
<status status="PASS" start="2024-10-16T21:46:50.130592" elapsed="0.040205"/>
</kw>
<kw name="Input Text" owner="SeleniumLibrary">
<msg time="2024-10-16T21:46:50.170797" level="INFO">Typing text 'Jaidee' into text field 'id=last-name'.</msg>
<arg>id=last-name</arg>
<arg>${last_name}</arg>
<doc>Types the given ``text`` into the text field identified by ``locator``.</doc>
<status status="PASS" start="2024-10-16T21:46:50.170797" elapsed="0.030399"/>
</kw>
<kw name="Input Text" owner="SeleniumLibrary">
<msg time="2024-10-16T21:46:50.201196" level="INFO">Typing text '99999' into text field 'id=postal-code'.</msg>
<arg>id=postal-code</arg>
<arg>${postal_code}</arg>
<doc>Types the given ``text`` into the text field identified by ``locator``.</doc>
<status status="PASS" start="2024-10-16T21:46:50.201196" elapsed="0.026496"/>
</kw>
<kw name="Click Button" owner="SeleniumLibrary">
<msg time="2024-10-16T21:46:50.228764" level="INFO">Clicking button 'id:continue'.</msg>
<arg>id:continue</arg>
<doc>Clicks the button identified by ``locator``.</doc>
<status status="PASS" start="2024-10-16T21:46:50.228764" elapsed="0.219246"/>
</kw>
<arg>Somchai</arg>
<arg>Jaidee</arg>
<arg>99999</arg>
<doc>use in checkout-step-one
enter form by using 3 argument
`first_name` , `last_name` , `postal_code`</doc>
<status status="PASS" start="2024-10-16T21:46:50.130592" elapsed="0.317418"/>
</kw>
<kw name="Checkout Overview Should Have" owner="checkout">
<kw name="Element Should Be Visible" owner="SeleniumLibrary">
<msg time="2024-10-16T21:46:50.458919" level="INFO">Element 'xpath=//div[@data-test='inventory-item-name' and text()='Sauce Labs Backpack']' is displayed.</msg>
<arg>xpath=//div[@data-test='inventory-item-name' and text()='${product_name}']</arg>
<doc>Verifies that the element identified by ``locator`` is visible.</doc>
<status status="PASS" start="2024-10-16T21:46:50.449020" elapsed="0.009899"/>
</kw>
<kw name="Set Variable" owner="BuiltIn">
<msg time="2024-10-16T21:46:50.458919" level="INFO">${product_item} = //div[@class='inventory_item_name' and text()='Sauce Labs Backpack']/ancestor::div[@class='cart_item']</msg>
<var>${product_item}</var>
<arg>//div[@class='inventory_item_name' and text()='${product_name}']/ancestor::div[@class='cart_item']</arg>
<doc>Returns the given values which can then be assigned to a variables.</doc>
<status status="PASS" start="2024-10-16T21:46:50.458919" elapsed="0.000000"/>
</kw>
<if>
<branch type="IF" condition="$product_desc != &quot;null&quot;">
<kw name="Element Should Contain" owner="SeleniumLibrary">
<arg>xpath=${product_item}//div[@class='inventory_item_desc']</arg>
<arg>${product_desc}</arg>
<doc>Verifies that element ``locator`` contains text ``expected``.</doc>
<status status="NOT RUN" start="2024-10-16T21:46:50.460441" elapsed="0.000000"/>
</kw>
<status status="NOT RUN" start="2024-10-16T21:46:50.458919" elapsed="0.001522"/>
</branch>
<status status="PASS" start="2024-10-16T21:46:50.458919" elapsed="0.001522"/>
</if>
<if>
<branch type="IF" condition="$product_price != &quot;null&quot;">
<kw name="Element Should Contain" owner="SeleniumLibrary">
<arg>xpath=${product_item}//div[@data-test='inventory-item-price']</arg>
<arg>${product_price}</arg>
<doc>Verifies that element ``locator`` contains text ``expected``.</doc>
<status status="NOT RUN" start="2024-10-16T21:46:50.460441" elapsed="0.000000"/>
</kw>
<status status="NOT RUN" start="2024-10-16T21:46:50.460441" elapsed="0.000000"/>
</branch>
<status status="PASS" start="2024-10-16T21:46:50.460441" elapsed="0.000000"/>
</if>
<arg>Sauce Labs Backpack</arg>
<status status="PASS" start="2024-10-16T21:46:50.448010" elapsed="0.012431"/>
</kw>
<kw name="Finish Checkout" owner="checkout">
<kw name="Click Button" owner="SeleniumLibrary">
<msg time="2024-10-16T21:46:50.460441" level="INFO">Clicking button 'id=finish'.</msg>
<arg>id=finish</arg>
<doc>Clicks the button identified by ``locator``.</doc>
<status status="PASS" start="2024-10-16T21:46:50.460441" elapsed="0.268933"/>
</kw>
<kw name="Page Should Contain" owner="SeleniumLibrary">
<msg time="2024-10-16T21:46:50.738538" level="INFO">Current page contains text 'Thank you for your order!'.</msg>
<arg>Thank you for your order!</arg>
<doc>Verifies that current page contains ``text``.</doc>
<status status="PASS" start="2024-10-16T21:46:50.729374" elapsed="0.009164"/>
</kw>
<kw name="Page Should Contain" owner="SeleniumLibrary">
<msg time="2024-10-16T21:46:50.749802" level="INFO">Current page contains text 'Your order has been dispatched, and will arrive just as fast as the pony can get there!'.</msg>
<arg>Your order has been dispatched, and will arrive just as fast as the pony can get there!</arg>
<doc>Verifies that current page contains ``text``.</doc>
<status status="PASS" start="2024-10-16T21:46:50.739536" elapsed="0.010266"/>
</kw>
<status status="PASS" start="2024-10-16T21:46:50.460441" elapsed="0.289361"/>
</kw>
<kw name="Close Browser" owner="SeleniumLibrary">
<doc>Closes the current browser.</doc>
<status status="PASS" start="2024-10-16T21:46:50.749802" elapsed="2.782917"/>
</kw>
<var name="${product}">Sauce Labs Fleece Jacket</var>
<status status="PASS" start="2024-10-16T21:46:42.534761" elapsed="10.997958"/>
</iter>
<iter>
<kw name="Login User" owner="login">
<kw name="Open Browser" owner="SeleniumLibrary">
<msg time="2024-10-16T21:46:53.534243" level="INFO">Opening browser 'ff' to base url 'https://www.saucedemo.com'.</msg>
<arg>${URL}</arg>
<arg>browser=ff</arg>
<doc>Opens a new browser instance to the optional ``url``.</doc>
<status status="PASS" start="2024-10-16T21:46:53.532719" elapsed="6.742318"/>
</kw>
<kw name="Input Text" owner="SeleniumLibrary">
<msg time="2024-10-16T21:47:00.276618" level="INFO">Typing text 'standard_user' into text field 'id:user-name'.</msg>
<arg>id:user-name</arg>
<arg>${username}</arg>
<doc>Types the given ``text`` into the text field identified by ``locator``.</doc>
<status status="PASS" start="2024-10-16T21:47:00.275037" elapsed="0.113768"/>
</kw>
<kw name="Input Password" owner="SeleniumLibrary">
<msg time="2024-10-16T21:47:00.390126" level="INFO">Typing password into text field 'id:password'.</msg>
<msg time="2024-10-16T21:47:00.404296" level="INFO">Temporally setting log level to: NONE</msg>
<arg>id:password</arg>
<arg>${password}</arg>
<doc>Types the given password into the text field identified by ``locator``.</doc>
<status status="PASS" start="2024-10-16T21:47:00.390126" elapsed="0.050066"/>
</kw>
<kw name="Click Button" owner="SeleniumLibrary">
<msg time="2024-10-16T21:47:00.440192" level="INFO">Clicking button 'id:login-button'.</msg>
<arg>id:login-button</arg>
<doc>Clicks the button identified by ``locator``.</doc>
<status status="PASS" start="2024-10-16T21:47:00.440192" elapsed="0.261747"/>
</kw>
<arg>${username}</arg>
<doc>Login with user</doc>
<status status="PASS" start="2024-10-16T21:46:53.532719" elapsed="7.169220"/>
</kw>
<kw name="Add To Cart" owner="inventory">
<kw name="Click Button" owner="SeleniumLibrary">
<msg time="2024-10-16T21:47:00.701939" level="INFO">Clicking button 'xpath=//div[.//div[@data-test='inventory-item-name' and text()='Sauce Labs Onesie']]//button[text()='Add to cart']'.</msg>
<arg>xpath=//div[.//div[@data-test='inventory-item-name' and text()='${product_name}']]//button[text()='Add to cart']</arg>
<doc>Clicks the button identified by ``locator``.</doc>
<status status="PASS" start="2024-10-16T21:47:00.701939" elapsed="0.253365"/>
</kw>
<arg>${product}</arg>
<status status="PASS" start="2024-10-16T21:47:00.701939" elapsed="0.253365"/>
</kw>
<kw name="Enter Shoping Cart" owner="shopping">
<kw name="Click Element" owner="SeleniumLibrary">
<msg time="2024-10-16T21:47:00.955304" level="INFO">Clicking element 'xpath=//a[@data-test='shopping-cart-link']'.</msg>
<arg>xpath=//a[@data-test='shopping-cart-link']</arg>
<doc>Click the element identified by ``locator``.</doc>
<status status="PASS" start="2024-10-16T21:47:00.955304" elapsed="0.231381"/>
</kw>
<status status="PASS" start="2024-10-16T21:47:00.955304" elapsed="0.231381"/>
</kw>
<kw name="Shopping Cart Should Have" owner="shopping">
<kw name="Element Should Be Visible" owner="SeleniumLibrary">
<msg time="2024-10-16T21:47:01.197814" level="INFO">Element 'xpath=//div[@data-test='inventory-item-name' and text()='Sauce Labs Backpack']' is displayed.</msg>
<arg>xpath=//div[@data-test='inventory-item-name' and text()='${product_name}']</arg>
<doc>Verifies that the element identified by ``locator`` is visible.</doc>
<status status="PASS" start="2024-10-16T21:47:01.187193" elapsed="0.011851"/>
</kw>
<kw name="Set Variable" owner="BuiltIn">
<msg time="2024-10-16T21:47:01.199044" level="INFO">${product_item} = //div[@class='inventory_item_name' and text()='Sauce Labs Backpack']/ancestor::div[@class='cart_item']</msg>
<var>${product_item}</var>
<arg>//div[@class='inventory_item_name' and text()='${product_name}']/ancestor::div[@class='cart_item']</arg>
<doc>Returns the given values which can then be assigned to a variables.</doc>
<status status="PASS" start="2024-10-16T21:47:01.199044" elapsed="0.000000"/>
</kw>
<if>
<branch type="IF" condition="$product_desc != &quot;null&quot;">
<kw name="Element Should Contain" owner="SeleniumLibrary">
<arg>xpath=${product_item}//div[@class='inventory_item_desc']</arg>
<arg>${product_desc}</arg>
<doc>Verifies that element ``locator`` contains text ``expected``.</doc>
<status status="NOT RUN" start="2024-10-16T21:47:01.199044" elapsed="0.000000"/>
</kw>
<status status="NOT RUN" start="2024-10-16T21:47:01.199044" elapsed="0.000000"/>
</branch>
<status status="PASS" start="2024-10-16T21:47:01.199044" elapsed="0.000000"/>
</if>
<if>
<branch type="IF" condition="$product_price != &quot;null&quot;">
<kw name="Element Should Contain" owner="SeleniumLibrary">
<arg>xpath=${product_item}//div[@data-test='inventory-item-price']</arg>
<arg>${product_price}</arg>
<doc>Verifies that element ``locator`` contains text ``expected``.</doc>
<status status="NOT RUN" start="2024-10-16T21:47:01.199044" elapsed="0.000000"/>
</kw>
<status status="NOT RUN" start="2024-10-16T21:47:01.199044" elapsed="0.000000"/>
</branch>
<status status="PASS" start="2024-10-16T21:47:01.199044" elapsed="0.001019"/>
</if>
<arg>Sauce Labs Backpack</arg>
<status status="PASS" start="2024-10-16T21:47:01.187193" elapsed="0.012870"/>
</kw>
<kw name="Shopping Cart Count Should Be" owner="inventory">
<if>
<branch type="IF" condition="$count == &quot;0&quot;">
<kw name="Element Should Not Be Visible" owner="SeleniumLibrary">
<arg>class:shopping_cart_badge</arg>
<doc>Verifies that the element identified by ``locator`` is NOT visible.</doc>
<status status="NOT RUN" start="2024-10-16T21:47:01.200063" elapsed="0.000000"/>
</kw>
<status status="NOT RUN" start="2024-10-16T21:47:01.200063" elapsed="0.000000"/>
</branch>
<branch type="ELSE">
<kw name="Wait Until Element Is Visible" owner="SeleniumLibrary">
<arg>class:shopping_cart_badge</arg>
<arg>5s</arg>
<doc>Waits until the element ``locator`` is visible.</doc>
<status status="PASS" start="2024-10-16T21:47:01.200063" elapsed="0.009967"/>
</kw>
<kw name="Element Text Should Be" owner="SeleniumLibrary">
<msg time="2024-10-16T21:47:01.210030" level="INFO">Verifying element 'class:shopping_cart_badge' contains exact text '1'.</msg>
<arg>class:shopping_cart_badge</arg>
<arg>${count}</arg>
<doc>Verifies that element ``locator`` contains exact the text ``expected``.</doc>
<status status="PASS" start="2024-10-16T21:47:01.210030" elapsed="0.009805"/>
</kw>
<status status="PASS" start="2024-10-16T21:47:01.200063" elapsed="0.019772"/>
</branch>
<status status="PASS" start="2024-10-16T21:47:01.200063" elapsed="0.019772"/>
</if>
<arg>1</arg>
<status status="PASS" start="2024-10-16T21:47:01.200063" elapsed="0.019772"/>
</kw>
<kw name="Go To Checkout" owner="checkout">
<kw name="Click Button" owner="SeleniumLibrary">
<msg time="2024-10-16T21:47:01.220838" level="INFO">Clicking button 'id=checkout'.</msg>
<arg>id=checkout</arg>
<doc>Clicks the button identified by ``locator``.</doc>
<status status="PASS" start="2024-10-16T21:47:01.220838" elapsed="0.224177"/>
</kw>
<doc>use in shopping cart page
Go to checkout page</doc>
<status status="PASS" start="2024-10-16T21:47:01.219835" elapsed="0.225180"/>
</kw>
<kw name="Enter Checkout Information" owner="checkout">
<kw name="Input Text" owner="SeleniumLibrary">
<msg time="2024-10-16T21:47:01.446594" level="INFO">Typing text 'Somchai' into text field 'id=first-name'.</msg>
<arg>id=first-name</arg>
<arg>${first_name}</arg>
<doc>Types the given ``text`` into the text field identified by ``locator``.</doc>
<status status="PASS" start="2024-10-16T21:47:01.446594" elapsed="0.035095"/>
</kw>
<kw name="Input Text" owner="SeleniumLibrary">
<msg time="2024-10-16T21:47:01.481689" level="INFO">Typing text 'Jaidee' into text field 'id=last-name'.</msg>
<arg>id=last-name</arg>
<arg>${last_name}</arg>
<doc>Types the given ``text`` into the text field identified by ``locator``.</doc>
<status status="PASS" start="2024-10-16T21:47:01.481689" elapsed="0.029410"/>
</kw>
<kw name="Input Text" owner="SeleniumLibrary">
<msg time="2024-10-16T21:47:01.511099" level="INFO">Typing text '99999' into text field 'id=postal-code'.</msg>
<arg>id=postal-code</arg>
<arg>${postal_code}</arg>
<doc>Types the given ``text`` into the text field identified by ``locator``.</doc>
<status status="PASS" start="2024-10-16T21:47:01.511099" elapsed="0.023574"/>
</kw>
<kw name="Click Button" owner="SeleniumLibrary">
<msg time="2024-10-16T21:47:01.535586" level="INFO">Clicking button 'id:continue'.</msg>
<arg>id:continue</arg>
<doc>Clicks the button identified by ``locator``.</doc>
<status status="PASS" start="2024-10-16T21:47:01.534673" elapsed="0.224045"/>
</kw>
<arg>Somchai</arg>
<arg>Jaidee</arg>
<arg>99999</arg>
<doc>use in checkout-step-one
enter form by using 3 argument
`first_name` , `last_name` , `postal_code`</doc>
<status status="PASS" start="2024-10-16T21:47:01.446594" elapsed="0.312124"/>
</kw>
<kw name="Checkout Overview Should Have" owner="checkout">
<kw name="Element Should Be Visible" owner="SeleniumLibrary">
<msg time="2024-10-16T21:47:01.773282" level="INFO">Element 'xpath=//div[@data-test='inventory-item-name' and text()='Sauce Labs Backpack']' is displayed.</msg>
<arg>xpath=//div[@data-test='inventory-item-name' and text()='${product_name}']</arg>
<doc>Verifies that the element identified by ``locator`` is visible.</doc>
<status status="PASS" start="2024-10-16T21:47:01.759770" elapsed="0.013512"/>
</kw>
<kw name="Set Variable" owner="BuiltIn">
<msg time="2024-10-16T21:47:01.774271" level="INFO">${product_item} = //div[@class='inventory_item_name' and text()='Sauce Labs Backpack']/ancestor::div[@class='cart_item']</msg>
<var>${product_item}</var>
<arg>//div[@class='inventory_item_name' and text()='${product_name}']/ancestor::div[@class='cart_item']</arg>
<doc>Returns the given values which can then be assigned to a variables.</doc>
<status status="PASS" start="2024-10-16T21:47:01.774271" elapsed="0.000000"/>
</kw>
<if>
<branch type="IF" condition="$product_desc != &quot;null&quot;">
<kw name="Element Should Contain" owner="SeleniumLibrary">
<arg>xpath=${product_item}//div[@class='inventory_item_desc']</arg>
<arg>${product_desc}</arg>
<doc>Verifies that element ``locator`` contains text ``expected``.</doc>
<status status="NOT RUN" start="2024-10-16T21:47:01.774271" elapsed="0.000000"/>
</kw>
<status status="NOT RUN" start="2024-10-16T21:47:01.774271" elapsed="0.000000"/>
</branch>
<status status="PASS" start="2024-10-16T21:47:01.774271" elapsed="0.000000"/>
</if>
<if>
<branch type="IF" condition="$product_price != &quot;null&quot;">
<kw name="Element Should Contain" owner="SeleniumLibrary">
<arg>xpath=${product_item}//div[@data-test='inventory-item-price']</arg>
<arg>${product_price}</arg>
<doc>Verifies that element ``locator`` contains text ``expected``.</doc>
<status status="NOT RUN" start="2024-10-16T21:47:01.775277" elapsed="0.000000"/>
</kw>
<status status="NOT RUN" start="2024-10-16T21:47:01.775277" elapsed="0.000000"/>
</branch>
<status status="PASS" start="2024-10-16T21:47:01.774271" elapsed="0.001006"/>
</if>
<arg>Sauce Labs Backpack</arg>
<status status="PASS" start="2024-10-16T21:47:01.759770" elapsed="0.015507"/>
</kw>
<kw name="Finish Checkout" owner="checkout">
<kw name="Click Button" owner="SeleniumLibrary">
<msg time="2024-10-16T21:47:01.776495" level="INFO">Clicking button 'id=finish'.</msg>
<arg>id=finish</arg>
<doc>Clicks the button identified by ``locator``.</doc>
<status status="PASS" start="2024-10-16T21:47:01.775277" elapsed="0.269433"/>
</kw>
<kw name="Page Should Contain" owner="SeleniumLibrary">
<msg time="2024-10-16T21:47:02.057348" level="INFO">Current page contains text 'Thank you for your order!'.</msg>
<arg>Thank you for your order!</arg>
<doc>Verifies that current page contains ``text``.</doc>
<status status="PASS" start="2024-10-16T21:47:02.044710" elapsed="0.012638"/>
</kw>
<kw name="Page Should Contain" owner="SeleniumLibrary">
<msg time="2024-10-16T21:47:02.069250" level="INFO">Current page contains text 'Your order has been dispatched, and will arrive just as fast as the pony can get there!'.</msg>
<arg>Your order has been dispatched, and will arrive just as fast as the pony can get there!</arg>
<doc>Verifies that current page contains ``text``.</doc>
<status status="PASS" start="2024-10-16T21:47:02.057348" elapsed="0.011902"/>
</kw>
<status status="PASS" start="2024-10-16T21:47:01.775277" elapsed="0.293973"/>
</kw>
<kw name="Close Browser" owner="SeleniumLibrary">
<doc>Closes the current browser.</doc>
<status status="PASS" start="2024-10-16T21:47:02.069250" elapsed="2.794675"/>
</kw>
<var name="${product}">Sauce Labs Onesie</var>
<status status="PASS" start="2024-10-16T21:46:53.532719" elapsed="11.331206"/>
</iter>
<iter>
<kw name="Login User" owner="login">
<kw name="Open Browser" owner="SeleniumLibrary">
<msg time="2024-10-16T21:47:04.864936" level="INFO">Opening browser 'ff' to base url 'https://www.saucedemo.com'.</msg>
<arg>${URL}</arg>
<arg>browser=ff</arg>
<doc>Opens a new browser instance to the optional ``url``.</doc>
<status status="PASS" start="2024-10-16T21:47:04.864936" elapsed="6.536164"/>
</kw>
<kw name="Input Text" owner="SeleniumLibrary">
<msg time="2024-10-16T21:47:11.402254" level="INFO">Typing text 'standard_user' into text field 'id:user-name'.</msg>
<arg>id:user-name</arg>
<arg>${username}</arg>
<doc>Types the given ``text`` into the text field identified by ``locator``.</doc>
<status status="PASS" start="2024-10-16T21:47:11.401100" elapsed="0.128365"/>
</kw>
<kw name="Input Password" owner="SeleniumLibrary">
<msg time="2024-10-16T21:47:11.530467" level="INFO">Typing password into text field 'id:password'.</msg>
<msg time="2024-10-16T21:47:11.538289" level="INFO">Temporally setting log level to: NONE</msg>
<arg>id:password</arg>
<arg>${password}</arg>
<doc>Types the given password into the text field identified by ``locator``.</doc>
<status status="PASS" start="2024-10-16T21:47:11.530467" elapsed="0.034015"/>
</kw>
<kw name="Click Button" owner="SeleniumLibrary">
<msg time="2024-10-16T21:47:11.564482" level="INFO">Clicking button 'id:login-button'.</msg>
<arg>id:login-button</arg>
<doc>Clicks the button identified by ``locator``.</doc>
<status status="PASS" start="2024-10-16T21:47:11.564482" elapsed="0.263668"/>
</kw>
<arg>${username}</arg>
<doc>Login with user</doc>
<status status="PASS" start="2024-10-16T21:47:04.863925" elapsed="6.964225"/>
</kw>
<kw name="Add To Cart" owner="inventory">
<kw name="Click Button" owner="SeleniumLibrary">
<msg time="2024-10-16T21:47:11.829168" level="INFO">Clicking button 'xpath=//div[.//div[@data-test='inventory-item-name' and text()='Test.allTheThings() T-Shirt (Red)']]//button[text()='Add to cart']'.</msg>
<arg>xpath=//div[.//div[@data-test='inventory-item-name' and text()='${product_name}']]//button[text()='Add to cart']</arg>
<doc>Clicks the button identified by ``locator``.</doc>
<status status="PASS" start="2024-10-16T21:47:11.829168" elapsed="0.245705"/>
</kw>
<arg>${product}</arg>
<status status="PASS" start="2024-10-16T21:47:11.829168" elapsed="0.245705"/>
</kw>
<kw name="Enter Shoping Cart" owner="shopping">
<kw name="Click Element" owner="SeleniumLibrary">
<msg time="2024-10-16T21:47:12.074873" level="INFO">Clicking element 'xpath=//a[@data-test='shopping-cart-link']'.</msg>
<arg>xpath=//a[@data-test='shopping-cart-link']</arg>
<doc>Click the element identified by ``locator``.</doc>
<status status="PASS" start="2024-10-16T21:47:12.074873" elapsed="0.225623"/>
</kw>
<status status="PASS" start="2024-10-16T21:47:12.074873" elapsed="0.225623"/>
</kw>
<kw name="Shopping Cart Should Have" owner="shopping">
[...]
<arg>xpath=//div[.//div[@data-test='inventory-item-name' and text()='${product_name}']]//button[text()='Add to cart']</arg>
<doc>Clicks the button identified by ``locator``.</doc>
<status status="PASS" start="2024-10-16T21:51:58.482403" elapsed="0.286567"/>
</kw>
<arg>Sauce Labs Backpack</arg>
<status status="PASS" start="2024-10-16T21:51:58.482403" elapsed="0.286567"/>
</kw>
<kw name="Add To Cart" owner="inventory">
<kw name="Click Button" owner="SeleniumLibrary">
<msg time="2024-10-16T21:51:58.769487" level="INFO">Clicking button 'xpath=//div[.//div[@data-test='inventory-item-name' and text()='Sauce Labs Bike Light']]//button[text()='Add to cart']'.</msg>
<arg>xpath=//div[.//div[@data-test='inventory-item-name' and text()='${product_name}']]//button[text()='Add to cart']</arg>
<doc>Clicks the button identified by ``locator``.</doc>
<status status="PASS" start="2024-10-16T21:51:58.769487" elapsed="0.243443"/>
</kw>
<arg>Sauce Labs Bike Light</arg>
<status status="PASS" start="2024-10-16T21:51:58.769487" elapsed="0.243443"/>
</kw>
<kw name="Add To Cart" owner="inventory">
<kw name="Click Button" owner="SeleniumLibrary">
<msg time="2024-10-16T21:51:59.013955" level="INFO">Clicking button 'xpath=//div[.//div[@data-test='inventory-item-name' and text()='Sauce Labs Bolt T-Shirt']]//button[text()='Add to cart']'.</msg>
<arg>xpath=//div[.//div[@data-test='inventory-item-name' and text()='${product_name}']]//button[text()='Add to cart']</arg>
<doc>Clicks the button identified by ``locator``.</doc>
<status status="PASS" start="2024-10-16T21:51:59.013955" elapsed="0.235511"/>
</kw>
<arg>Sauce Labs Bolt T-Shirt</arg>
<status status="PASS" start="2024-10-16T21:51:59.012930" elapsed="0.236536"/>
</kw>
<kw name="Add To Cart" owner="inventory">
<kw name="Click Button" owner="SeleniumLibrary">
<msg time="2024-10-16T21:51:59.250481" level="INFO">Clicking button 'xpath=//div[.//div[@data-test='inventory-item-name' and text()='Sauce Labs Fleece Jacket']]//button[text()='Add to cart']'.</msg>
<arg>xpath=//div[.//div[@data-test='inventory-item-name' and text()='${product_name}']]//button[text()='Add to cart']</arg>
<doc>Clicks the button identified by ``locator``.</doc>
<status status="PASS" start="2024-10-16T21:51:59.250481" elapsed="0.230526"/>
</kw>
<arg>Sauce Labs Fleece Jacket</arg>
<status status="PASS" start="2024-10-16T21:51:59.249466" elapsed="0.231541"/>
</kw>
<kw name="Add To Cart" owner="inventory">
<kw name="Click Button" owner="SeleniumLibrary">
<msg time="2024-10-16T21:51:59.482017" level="INFO">Clicking button 'xpath=//div[.//div[@data-test='inventory-item-name' and text()='Sauce Labs Onesie']]//button[text()='Add to cart']'.</msg>
<arg>xpath=//div[.//div[@data-test='inventory-item-name' and text()='${product_name}']]//button[text()='Add to cart']</arg>
<doc>Clicks the button identified by ``locator``.</doc>
<status status="PASS" start="2024-10-16T21:51:59.481007" elapsed="0.253652"/>
</kw>
<arg>Sauce Labs Onesie</arg>
<status status="PASS" start="2024-10-16T21:51:59.481007" elapsed="0.253652"/>
</kw>
<kw name="Add To Cart" owner="inventory">
<kw name="Click Button" owner="SeleniumLibrary">
<msg time="2024-10-16T21:51:59.734659" level="INFO">Clicking button 'xpath=//div[.//div[@data-test='inventory-item-name' and text()='Test.allTheThings() T-Shirt (Red)']]//button[text()='Add to cart']'.</msg>
<arg>xpath=//div[.//div[@data-test='inventory-item-name' and text()='${product_name}']]//button[text()='Add to cart']</arg>
<doc>Clicks the button identified by ``locator``.</doc>
<status status="PASS" start="2024-10-16T21:51:59.734659" elapsed="0.222271"/>
</kw>
<arg>Test.allTheThings() T-Shirt (Red)</arg>
<status status="PASS" start="2024-10-16T21:51:59.734659" elapsed="0.222271"/>
</kw>
<kw name="Enter Shoping Cart" owner="shopping">
<kw name="Click Element" owner="SeleniumLibrary">
<msg time="2024-10-16T21:51:59.958009" level="INFO">Clicking element 'xpath=//a[@data-test='shopping-cart-link']'.</msg>
<arg>xpath=//a[@data-test='shopping-cart-link']</arg>
<doc>Click the element identified by ``locator``.</doc>
<status status="PASS" start="2024-10-16T21:51:59.958009" elapsed="0.239161"/>
</kw>
<status status="PASS" start="2024-10-16T21:51:59.958009" elapsed="0.239161"/>
</kw>
<kw name="Shopping Cart Count Should Be" owner="inventory">
<if>
<branch type="IF" condition="$count == &quot;0&quot;">
<kw name="Element Should Not Be Visible" owner="SeleniumLibrary">
<arg>class:shopping_cart_badge</arg>
<doc>Verifies that the element identified by ``locator`` is NOT visible.</doc>
<status status="NOT RUN" start="2024-10-16T21:52:00.198212" elapsed="0.000000"/>
</kw>
<status status="NOT RUN" start="2024-10-16T21:52:00.198212" elapsed="0.000000"/>
</branch>
<branch type="ELSE">
<kw name="Wait Until Element Is Visible" owner="SeleniumLibrary">
<arg>class:shopping_cart_badge</arg>
<arg>5s</arg>
<doc>Waits until the element ``locator`` is visible.</doc>
<status status="PASS" start="2024-10-16T21:52:00.198212" elapsed="0.012417"/>
</kw>
<kw name="Element Text Should Be" owner="SeleniumLibrary">
<msg time="2024-10-16T21:52:00.210629" level="INFO">Verifying element 'class:shopping_cart_badge' contains exact text '6'.</msg>
<arg>class:shopping_cart_badge</arg>
<arg>${count}</arg>
<doc>Verifies that element ``locator`` contains exact the text ``expected``.</doc>
<status status="PASS" start="2024-10-16T21:52:00.210629" elapsed="0.010276"/>
</kw>
<status status="PASS" start="2024-10-16T21:52:00.198212" elapsed="0.022693"/>
</branch>
<status status="PASS" start="2024-10-16T21:52:00.198212" elapsed="0.022693"/>
</if>
<arg>6</arg>
<status status="PASS" start="2024-10-16T21:52:00.198212" elapsed="0.022693"/>
</kw>
<kw name="Remove Product From Shopping Cart" owner="shopping">
<kw name="Click Button" owner="SeleniumLibrary">
<msg time="2024-10-16T21:52:00.221900" level="INFO">Clicking button 'xpath=//div[@data-test='inventory-item-name' and text()='Sauce Labs Backpack']/ancestor::div[@class='cart_item']//button'.</msg>
<arg>xpath=//div[@data-test='inventory-item-name' and text()='${product_name}']/ancestor::div[@class='cart_item']//button</arg>
<doc>Clicks the button identified by ``locator``.</doc>
<status status="PASS" start="2024-10-16T21:52:00.221900" elapsed="0.223939"/>
</kw>
<arg>Sauce Labs Backpack</arg>
<status status="PASS" start="2024-10-16T21:52:00.221900" elapsed="0.223939"/>
</kw>
<kw name="Shopping Cart Count Should Be" owner="inventory">
<if>
<branch type="IF" condition="$count == &quot;0&quot;">
<kw name="Element Should Not Be Visible" owner="SeleniumLibrary">
<arg>class:shopping_cart_badge</arg>
<doc>Verifies that the element identified by ``locator`` is NOT visible.</doc>
<status status="NOT RUN" start="2024-10-16T21:52:00.446878" elapsed="0.000000"/>
</kw>
<status status="NOT RUN" start="2024-10-16T21:52:00.446878" elapsed="0.000000"/>
</branch>
<branch type="ELSE">
<kw name="Wait Until Element Is Visible" owner="SeleniumLibrary">
<arg>class:shopping_cart_badge</arg>
<arg>5s</arg>
<doc>Waits until the element ``locator`` is visible.</doc>
<status status="PASS" start="2024-10-16T21:52:00.447898" elapsed="0.009571"/>
</kw>
<kw name="Element Text Should Be" owner="SeleniumLibrary">
<msg time="2024-10-16T21:52:00.458741" level="INFO">Verifying element 'class:shopping_cart_badge' contains exact text '5'.</msg>
<arg>class:shopping_cart_badge</arg>
<arg>${count}</arg>
<doc>Verifies that element ``locator`` contains exact the text ``expected``.</doc>
<status status="PASS" start="2024-10-16T21:52:00.457469" elapsed="0.010327"/>
</kw>
<status status="PASS" start="2024-10-16T21:52:00.447898" elapsed="0.019898"/>
</branch>
<status status="PASS" start="2024-10-16T21:52:00.446878" elapsed="0.020918"/>
</if>
<arg>5</arg>
<status status="PASS" start="2024-10-16T21:52:00.446878" elapsed="0.020918"/>
</kw>
<kw name="Remove Product From Shopping Cart" owner="shopping">
<kw name="Click Button" owner="SeleniumLibrary">
<msg time="2024-10-16T21:52:00.468822" level="INFO">Clicking button 'xpath=//div[@data-test='inventory-item-name' and text()='Sauce Labs Bike Light']/ancestor::div[@class='cart_item']//button'.</msg>
<arg>xpath=//div[@data-test='inventory-item-name' and text()='${product_name}']/ancestor::div[@class='cart_item']//button</arg>
<doc>Clicks the button identified by ``locator``.</doc>
<status status="PASS" start="2024-10-16T21:52:00.468822" elapsed="0.221508"/>
</kw>
<arg>Sauce Labs Bike Light</arg>
<status status="PASS" start="2024-10-16T21:52:00.467796" elapsed="0.222534"/>
</kw>
<kw name="Shopping Cart Count Should Be" owner="inventory">
<if>
<branch type="IF" condition="$count == &quot;0&quot;">
<kw name="Element Should Not Be Visible" owner="SeleniumLibrary">
<arg>class:shopping_cart_badge</arg>
<doc>Verifies that the element identified by ``locator`` is NOT visible.</doc>
<status status="NOT RUN" start="2024-10-16T21:52:00.691377" elapsed="0.000000"/>
</kw>
<status status="NOT RUN" start="2024-10-16T21:52:00.691377" elapsed="0.000000"/>
</branch>
<branch type="ELSE">
<kw name="Wait Until Element Is Visible" owner="SeleniumLibrary">
<arg>class:shopping_cart_badge</arg>
<arg>5s</arg>
<doc>Waits until the element ``locator`` is visible.</doc>
<status status="PASS" start="2024-10-16T21:52:00.691377" elapsed="0.011918"/>
</kw>
<kw name="Element Text Should Be" owner="SeleniumLibrary">
<msg time="2024-10-16T21:52:00.704315" level="INFO">Verifying element 'class:shopping_cart_badge' contains exact text '4'.</msg>
<arg>class:shopping_cart_badge</arg>
<arg>${count}</arg>
<doc>Verifies that element ``locator`` contains exact the text ``expected``.</doc>
<status status="PASS" start="2024-10-16T21:52:00.703295" elapsed="0.009994"/>
</kw>
<status status="PASS" start="2024-10-16T21:52:00.691377" elapsed="0.022915"/>
</branch>
<status status="PASS" start="2024-10-16T21:52:00.691377" elapsed="0.022915"/>
</if>
<arg>4</arg>
<status status="PASS" start="2024-10-16T21:52:00.691377" elapsed="0.022915"/>
</kw>
<kw name="Remove Product From Shopping Cart" owner="shopping">
<kw name="Click Button" owner="SeleniumLibrary">
<msg time="2024-10-16T21:52:00.714292" level="INFO">Clicking button 'xpath=//div[@data-test='inventory-item-name' and text()='Sauce Labs Bolt T-Shirt']/ancestor::div[@class='cart_item']//button'.</msg>
<arg>xpath=//div[@data-test='inventory-item-name' and text()='${product_name}']/ancestor::div[@class='cart_item']//button</arg>
<doc>Clicks the button identified by ``locator``.</doc>
<status status="PASS" start="2024-10-16T21:52:00.714292" elapsed="0.222690"/>
</kw>
<arg>Sauce Labs Bolt T-Shirt</arg>
<status status="PASS" start="2024-10-16T21:52:00.714292" elapsed="0.223689"/>
</kw>
<kw name="Shopping Cart Count Should Be" owner="inventory">
<if>
<branch type="IF" condition="$count == &quot;0&quot;">
<kw name="Element Should Not Be Visible" owner="SeleniumLibrary">
<arg>class:shopping_cart_badge</arg>
<doc>Verifies that the element identified by ``locator`` is NOT visible.</doc>
<status status="NOT RUN" start="2024-10-16T21:52:00.938994" elapsed="0.000000"/>
</kw>
<status status="NOT RUN" start="2024-10-16T21:52:00.938994" elapsed="0.000000"/>
</branch>
<branch type="ELSE">
<kw name="Wait Until Element Is Visible" owner="SeleniumLibrary">
<arg>class:shopping_cart_badge</arg>
<arg>5s</arg>
<doc>Waits until the element ``locator`` is visible.</doc>
<status status="PASS" start="2024-10-16T21:52:00.938994" elapsed="0.010524"/>
</kw>
<kw name="Element Text Should Be" owner="SeleniumLibrary">
<msg time="2024-10-16T21:52:00.951061" level="INFO">Verifying element 'class:shopping_cart_badge' contains exact text '3'.</msg>
<arg>class:shopping_cart_badge</arg>
<arg>${count}</arg>
<doc>Verifies that element ``locator`` contains exact the text ``expected``.</doc>
<status status="PASS" start="2024-10-16T21:52:00.951061" elapsed="0.009321"/>
</kw>
<status status="PASS" start="2024-10-16T21:52:00.938994" elapsed="0.021388"/>
</branch>
<status status="PASS" start="2024-10-16T21:52:00.938994" elapsed="0.021388"/>
</if>
<arg>3</arg>
<status status="PASS" start="2024-10-16T21:52:00.937981" elapsed="0.022401"/>
</kw>
<kw name="Remove Product From Shopping Cart" owner="shopping">
<kw name="Click Button" owner="SeleniumLibrary">
<msg time="2024-10-16T21:52:00.961383" level="INFO">Clicking button 'xpath=//div[@data-test='inventory-item-name' and text()='Sauce Labs Fleece Jacket']/ancestor::div[@class='cart_item']//button'.</msg>
<arg>xpath=//div[@data-test='inventory-item-name' and text()='${product_name}']/ancestor::div[@class='cart_item']//button</arg>
<doc>Clicks the button identified by ``locator``.</doc>
<status status="PASS" start="2024-10-16T21:52:00.961383" elapsed="0.220441"/>
</kw>
<arg>Sauce Labs Fleece Jacket</arg>
<status status="PASS" start="2024-10-16T21:52:00.961383" elapsed="0.220971"/>
</kw>
<kw name="Shopping Cart Count Should Be" owner="inventory">
<if>
<branch type="IF" condition="$count == &quot;0&quot;">
<kw name="Element Should Not Be Visible" owner="SeleniumLibrary">
<arg>class:shopping_cart_badge</arg>
<doc>Verifies that the element identified by ``locator`` is NOT visible.</doc>
<status status="NOT RUN" start="2024-10-16T21:52:01.183386" elapsed="0.000000"/>
</kw>
<status status="NOT RUN" start="2024-10-16T21:52:01.183386" elapsed="0.000000"/>
</branch>
<branch type="ELSE">
<kw name="Wait Until Element Is Visible" owner="SeleniumLibrary">
<arg>class:shopping_cart_badge</arg>
<arg>5s</arg>
<doc>Waits until the element ``locator`` is visible.</doc>
<status status="PASS" start="2024-10-16T21:52:01.184389" elapsed="0.010835"/>
</kw>
<kw name="Element Text Should Be" owner="SeleniumLibrary">
<msg time="2024-10-16T21:52:01.195740" level="INFO">Verifying element 'class:shopping_cart_badge' contains exact text '2'.</msg>
<arg>class:shopping_cart_badge</arg>
<arg>${count}</arg>
<doc>Verifies that element ``locator`` contains exact the text ``expected``.</doc>
<status status="PASS" start="2024-10-16T21:52:01.195224" elapsed="0.008914"/>
</kw>
<status status="PASS" start="2024-10-16T21:52:01.183386" elapsed="0.020752"/>
</branch>
<status status="PASS" start="2024-10-16T21:52:01.183386" elapsed="0.020752"/>
</if>
<arg>2</arg>
<status status="PASS" start="2024-10-16T21:52:01.182354" elapsed="0.021784"/>
</kw>
<kw name="Remove Product From Shopping Cart" owner="shopping">
<kw name="Click Button" owner="SeleniumLibrary">
<msg time="2024-10-16T21:52:01.205818" level="INFO">Clicking button 'xpath=//div[@data-test='inventory-item-name' and text()='Sauce Labs Onesie']/ancestor::div[@class='cart_item']//button'.</msg>
<arg>xpath=//div[@data-test='inventory-item-name' and text()='${product_name}']/ancestor::div[@class='cart_item']//button</arg>
<doc>Clicks the button identified by ``locator``.</doc>
<status status="PASS" start="2024-10-16T21:52:01.205818" elapsed="0.219438"/>
</kw>
<arg>Sauce Labs Onesie</arg>
<status status="PASS" start="2024-10-16T21:52:01.205301" elapsed="0.219955"/>
</kw>
<kw name="Shopping Cart Count Should Be" owner="inventory">
<if>
<branch type="IF" condition="$count == &quot;0&quot;">
<kw name="Element Should Not Be Visible" owner="SeleniumLibrary">
<arg>class:shopping_cart_badge</arg>
<doc>Verifies that the element identified by ``locator`` is NOT visible.</doc>
<status status="NOT RUN" start="2024-10-16T21:52:01.427288" elapsed="0.000000"/>
</kw>
<status status="NOT RUN" start="2024-10-16T21:52:01.426261" elapsed="0.001027"/>
</branch>
<branch type="ELSE">
<kw name="Wait Until Element Is Visible" owner="SeleniumLibrary">
<arg>class:shopping_cart_badge</arg>
<arg>5s</arg>
<doc>Waits until the element ``locator`` is visible.</doc>
<status status="PASS" start="2024-10-16T21:52:01.427288" elapsed="0.011159"/>
</kw>
<kw name="Element Text Should Be" owner="SeleniumLibrary">
<msg time="2024-10-16T21:52:01.438447" level="INFO">Verifying element 'class:shopping_cart_badge' contains exact text '1'.</msg>
<arg>class:shopping_cart_badge</arg>
<arg>${count}</arg>
<doc>Verifies that element ``locator`` contains exact the text ``expected``.</doc>
<status status="PASS" start="2024-10-16T21:52:01.438447" elapsed="0.008891"/>
</kw>
<status status="PASS" start="2024-10-16T21:52:01.427288" elapsed="0.020050"/>
</branch>
<status status="PASS" start="2024-10-16T21:52:01.426261" elapsed="0.021077"/>
</if>
<arg>1</arg>
<status status="PASS" start="2024-10-16T21:52:01.426261" elapsed="0.021077"/>
</kw>
<kw name="Remove Product From Shopping Cart" owner="shopping">
<kw name="Click Button" owner="SeleniumLibrary">
<msg time="2024-10-16T21:52:01.449034" level="INFO">Clicking button 'xpath=//div[@data-test='inventory-item-name' and text()='Test.allTheThings() T-Shirt (Red)']/ancestor::div[@class='cart_item']//button'.</msg>
<arg>xpath=//div[@data-test='inventory-item-name' and text()='${product_name}']/ancestor::div[@class='cart_item']//button</arg>
<doc>Clicks the button identified by ``locator``.</doc>
<status status="PASS" start="2024-10-16T21:52:01.448520" elapsed="0.223223"/>
</kw>
<arg>Test.allTheThings() T-Shirt (Red)</arg>
<status status="PASS" start="2024-10-16T21:52:01.448520" elapsed="0.223223"/>
</kw>
<kw name="Shopping Cart Count Should Be" owner="inventory">
<if>
<branch type="IF" condition="$count == &quot;0&quot;">
<kw name="Element Should Not Be Visible" owner="SeleniumLibrary">
<msg time="2024-10-16T21:52:01.676255" level="INFO">Element 'class:shopping_cart_badge' did not exist.</msg>
<arg>class:shopping_cart_badge</arg>
<doc>Verifies that the element identified by ``locator`` is NOT visible.</doc>
<status status="PASS" start="2024-10-16T21:52:01.673271" elapsed="0.002984"/>
</kw>
<status status="PASS" start="2024-10-16T21:52:01.673271" elapsed="0.002984"/>
</branch>
<branch type="ELSE">
<kw name="Wait Until Element Is Visible" owner="SeleniumLibrary">
<arg>class:shopping_cart_badge</arg>
<arg>5s</arg>
<doc>Waits until the element ``locator`` is visible.</doc>
<status status="NOT RUN" start="2024-10-16T21:52:01.677270" elapsed="0.000000"/>
</kw>
<kw name="Element Text Should Be" owner="SeleniumLibrary">
<arg>class:shopping_cart_badge</arg>
<arg>${count}</arg>
<doc>Verifies that element ``locator`` contains exact the text ``expected``.</doc>
<status status="NOT RUN" start="2024-10-16T21:52:01.677270" elapsed="0.000000"/>
</kw>
<status status="NOT RUN" start="2024-10-16T21:52:01.676255" elapsed="0.001015"/>
</branch>
<status status="PASS" start="2024-10-16T21:52:01.673271" elapsed="0.003999"/>
</if>
<arg>0</arg>
<status status="PASS" start="2024-10-16T21:52:01.671743" elapsed="0.005527"/>
</kw>
<kw name="Close All Browsers" owner="SeleniumLibrary" type="TEARDOWN">
<doc>Closes all open browsers and resets the browser cache.</doc>
<status status="PASS" start="2024-10-16T21:52:01.677270" elapsed="6.860621"/>
</kw>
<status status="PASS" start="2024-10-16T21:51:51.436728" elapsed="17.102177"/>
</test>
<kw name="Close All Browsers" owner="SeleniumLibrary" type="TEARDOWN">
<doc>Closes all open browsers and resets the browser cache.</doc>
<status status="PASS" start="2024-10-16T21:52:08.539924" elapsed="0.000000"/>
</kw>
<status status="PASS" start="2024-10-16T21:51:20.752135" elapsed="47.787789"/>
</suite>
<status status="PASS" start="2024-10-16T21:45:52.562591" elapsed="375.979311"/>
</suite>
<statistics>
<total>
<stat pass="21" fail="0" skip="0">All Tests</stat>
</total>
<tag>
</tag>
<suite>
<stat pass="21" fail="0" skip="0" id="s1" name="Test">Test</stat>
<stat pass="2" fail="0" skip="0" id="s1-s1" name="Checkout Testing">Test.Checkout Testing</stat>
<stat pass="6" fail="0" skip="0" id="s1-s2" name="Inventory Testing">Test.Inventory Testing</stat>
<stat pass="10" fail="0" skip="0" id="s1-s3" name="Login Testing">Test.Login Testing</stat>
<stat pass="3" fail="0" skip="0" id="s1-s4" name="Shopping Testing">Test.Shopping Testing</stat>
</suite>
</statistics>
<errors>
</errors>
</robot>
